[2024-07-13T00:15:23.259+0000] {processor.py:157} INFO - Started process (PID=155) to work on /opt/airflow/dags/reddit_dag.py
[2024-07-13T00:15:23.261+0000] {processor.py:829} INFO - Processing file /opt/airflow/dags/reddit_dag.py for tasks to queue
[2024-07-13T00:15:23.275+0000] {logging_mixin.py:151} INFO - [2024-07-13T00:15:23.274+0000] {dagbag.py:536} INFO - Filling up the DagBag from /opt/airflow/dags/reddit_dag.py
[2024-07-13T00:15:23.976+0000] {processor.py:839} INFO - DAG(s) dict_keys(['etl_reddit_pipeline']) retrieved from /opt/airflow/dags/reddit_dag.py
[2024-07-13T00:15:24.322+0000] {logging_mixin.py:151} INFO - [2024-07-13T00:15:24.322+0000] {dag.py:2941} INFO - Sync 1 DAGs
[2024-07-13T00:15:24.340+0000] {logging_mixin.py:151} INFO - [2024-07-13T00:15:24.340+0000] {dag.py:3722} INFO - Setting next_dagrun for etl_reddit_pipeline to 2024-07-13T00:00:00+00:00, run_after=2024-07-14T00:00:00+00:00
[2024-07-13T00:15:24.363+0000] {processor.py:179} INFO - Processing /opt/airflow/dags/reddit_dag.py took 1.112 seconds
[2024-07-13T00:15:54.628+0000] {processor.py:157} INFO - Started process (PID=157) to work on /opt/airflow/dags/reddit_dag.py
[2024-07-13T00:15:54.632+0000] {processor.py:829} INFO - Processing file /opt/airflow/dags/reddit_dag.py for tasks to queue
[2024-07-13T00:15:54.650+0000] {logging_mixin.py:151} INFO - [2024-07-13T00:15:54.648+0000] {dagbag.py:536} INFO - Filling up the DagBag from /opt/airflow/dags/reddit_dag.py
[2024-07-13T00:15:55.059+0000] {processor.py:839} INFO - DAG(s) dict_keys(['etl_reddit_pipeline']) retrieved from /opt/airflow/dags/reddit_dag.py
[2024-07-13T00:15:55.079+0000] {logging_mixin.py:151} INFO - [2024-07-13T00:15:55.079+0000] {dag.py:2941} INFO - Sync 1 DAGs
[2024-07-13T00:15:55.092+0000] {logging_mixin.py:151} INFO - [2024-07-13T00:15:55.092+0000] {dag.py:3722} INFO - Setting next_dagrun for etl_reddit_pipeline to 2024-07-13T00:00:00+00:00, run_after=2024-07-14T00:00:00+00:00
[2024-07-13T00:15:55.101+0000] {processor.py:179} INFO - Processing /opt/airflow/dags/reddit_dag.py took 0.483 seconds
[2024-07-13T00:16:25.435+0000] {processor.py:157} INFO - Started process (PID=159) to work on /opt/airflow/dags/reddit_dag.py
[2024-07-13T00:16:25.436+0000] {processor.py:829} INFO - Processing file /opt/airflow/dags/reddit_dag.py for tasks to queue
[2024-07-13T00:16:25.438+0000] {logging_mixin.py:151} INFO - [2024-07-13T00:16:25.438+0000] {dagbag.py:536} INFO - Filling up the DagBag from /opt/airflow/dags/reddit_dag.py
[2024-07-13T00:16:25.641+0000] {processor.py:839} INFO - DAG(s) dict_keys(['etl_reddit_pipeline']) retrieved from /opt/airflow/dags/reddit_dag.py
[2024-07-13T00:16:25.651+0000] {logging_mixin.py:151} INFO - [2024-07-13T00:16:25.651+0000] {dag.py:2941} INFO - Sync 1 DAGs
[2024-07-13T00:16:25.661+0000] {logging_mixin.py:151} INFO - [2024-07-13T00:16:25.661+0000] {dag.py:3722} INFO - Setting next_dagrun for etl_reddit_pipeline to 2024-07-13T00:00:00+00:00, run_after=2024-07-14T00:00:00+00:00
[2024-07-13T00:16:25.668+0000] {processor.py:179} INFO - Processing /opt/airflow/dags/reddit_dag.py took 0.238 seconds
[2024-07-13T00:16:55.776+0000] {processor.py:157} INFO - Started process (PID=161) to work on /opt/airflow/dags/reddit_dag.py
[2024-07-13T00:16:55.778+0000] {processor.py:829} INFO - Processing file /opt/airflow/dags/reddit_dag.py for tasks to queue
[2024-07-13T00:16:55.780+0000] {logging_mixin.py:151} INFO - [2024-07-13T00:16:55.780+0000] {dagbag.py:536} INFO - Filling up the DagBag from /opt/airflow/dags/reddit_dag.py
[2024-07-13T00:16:56.000+0000] {processor.py:839} INFO - DAG(s) dict_keys(['etl_reddit_pipeline']) retrieved from /opt/airflow/dags/reddit_dag.py
[2024-07-13T00:16:56.011+0000] {logging_mixin.py:151} INFO - [2024-07-13T00:16:56.011+0000] {dag.py:2941} INFO - Sync 1 DAGs
[2024-07-13T00:16:56.022+0000] {logging_mixin.py:151} INFO - [2024-07-13T00:16:56.022+0000] {dag.py:3722} INFO - Setting next_dagrun for etl_reddit_pipeline to 2024-07-13T00:00:00+00:00, run_after=2024-07-14T00:00:00+00:00
[2024-07-13T00:16:56.145+0000] {processor.py:179} INFO - Processing /opt/airflow/dags/reddit_dag.py took 0.373 seconds
[2024-07-13T00:17:26.344+0000] {processor.py:157} INFO - Started process (PID=163) to work on /opt/airflow/dags/reddit_dag.py
[2024-07-13T00:17:26.346+0000] {processor.py:829} INFO - Processing file /opt/airflow/dags/reddit_dag.py for tasks to queue
[2024-07-13T00:17:26.354+0000] {logging_mixin.py:151} INFO - [2024-07-13T00:17:26.353+0000] {dagbag.py:536} INFO - Filling up the DagBag from /opt/airflow/dags/reddit_dag.py
[2024-07-13T00:17:26.683+0000] {processor.py:839} INFO - DAG(s) dict_keys(['etl_reddit_pipeline']) retrieved from /opt/airflow/dags/reddit_dag.py
[2024-07-13T00:17:26.701+0000] {logging_mixin.py:151} INFO - [2024-07-13T00:17:26.701+0000] {dag.py:2941} INFO - Sync 1 DAGs
[2024-07-13T00:17:26.714+0000] {logging_mixin.py:151} INFO - [2024-07-13T00:17:26.714+0000] {dag.py:3722} INFO - Setting next_dagrun for etl_reddit_pipeline to 2024-07-13T00:00:00+00:00, run_after=2024-07-14T00:00:00+00:00
[2024-07-13T00:17:26.722+0000] {processor.py:179} INFO - Processing /opt/airflow/dags/reddit_dag.py took 0.391 seconds
[2024-07-13T00:17:57.096+0000] {processor.py:157} INFO - Started process (PID=165) to work on /opt/airflow/dags/reddit_dag.py
[2024-07-13T00:17:57.099+0000] {processor.py:829} INFO - Processing file /opt/airflow/dags/reddit_dag.py for tasks to queue
[2024-07-13T00:17:57.109+0000] {logging_mixin.py:151} INFO - [2024-07-13T00:17:57.108+0000] {dagbag.py:536} INFO - Filling up the DagBag from /opt/airflow/dags/reddit_dag.py
[2024-07-13T00:17:57.404+0000] {processor.py:839} INFO - DAG(s) dict_keys(['etl_reddit_pipeline']) retrieved from /opt/airflow/dags/reddit_dag.py
[2024-07-13T00:17:57.423+0000] {logging_mixin.py:151} INFO - [2024-07-13T00:17:57.423+0000] {dag.py:2941} INFO - Sync 1 DAGs
[2024-07-13T00:17:57.436+0000] {logging_mixin.py:151} INFO - [2024-07-13T00:17:57.436+0000] {dag.py:3722} INFO - Setting next_dagrun for etl_reddit_pipeline to 2024-07-13T00:00:00+00:00, run_after=2024-07-14T00:00:00+00:00
[2024-07-13T00:17:57.444+0000] {processor.py:179} INFO - Processing /opt/airflow/dags/reddit_dag.py took 0.361 seconds
[2024-07-13T00:18:27.734+0000] {processor.py:157} INFO - Started process (PID=167) to work on /opt/airflow/dags/reddit_dag.py
[2024-07-13T00:18:27.735+0000] {processor.py:829} INFO - Processing file /opt/airflow/dags/reddit_dag.py for tasks to queue
[2024-07-13T00:18:27.737+0000] {logging_mixin.py:151} INFO - [2024-07-13T00:18:27.737+0000] {dagbag.py:536} INFO - Filling up the DagBag from /opt/airflow/dags/reddit_dag.py
[2024-07-13T00:18:27.943+0000] {processor.py:839} INFO - DAG(s) dict_keys(['etl_reddit_pipeline']) retrieved from /opt/airflow/dags/reddit_dag.py
[2024-07-13T00:18:27.954+0000] {logging_mixin.py:151} INFO - [2024-07-13T00:18:27.954+0000] {dag.py:2941} INFO - Sync 1 DAGs
[2024-07-13T00:18:27.963+0000] {logging_mixin.py:151} INFO - [2024-07-13T00:18:27.963+0000] {dag.py:3722} INFO - Setting next_dagrun for etl_reddit_pipeline to 2024-07-13T00:00:00+00:00, run_after=2024-07-14T00:00:00+00:00
[2024-07-13T00:18:27.969+0000] {processor.py:179} INFO - Processing /opt/airflow/dags/reddit_dag.py took 0.239 seconds
[2024-07-13T00:18:58.077+0000] {processor.py:157} INFO - Started process (PID=169) to work on /opt/airflow/dags/reddit_dag.py
[2024-07-13T00:18:58.079+0000] {processor.py:829} INFO - Processing file /opt/airflow/dags/reddit_dag.py for tasks to queue
[2024-07-13T00:18:58.083+0000] {logging_mixin.py:151} INFO - [2024-07-13T00:18:58.083+0000] {dagbag.py:536} INFO - Filling up the DagBag from /opt/airflow/dags/reddit_dag.py
[2024-07-13T00:18:58.297+0000] {processor.py:839} INFO - DAG(s) dict_keys(['etl_reddit_pipeline']) retrieved from /opt/airflow/dags/reddit_dag.py
[2024-07-13T00:18:58.308+0000] {logging_mixin.py:151} INFO - [2024-07-13T00:18:58.307+0000] {dag.py:2941} INFO - Sync 1 DAGs
[2024-07-13T00:18:58.316+0000] {logging_mixin.py:151} INFO - [2024-07-13T00:18:58.316+0000] {dag.py:3722} INFO - Setting next_dagrun for etl_reddit_pipeline to 2024-07-13T00:00:00+00:00, run_after=2024-07-14T00:00:00+00:00
[2024-07-13T00:18:58.323+0000] {processor.py:179} INFO - Processing /opt/airflow/dags/reddit_dag.py took 0.253 seconds
[2024-07-13T00:19:28.594+0000] {processor.py:157} INFO - Started process (PID=171) to work on /opt/airflow/dags/reddit_dag.py
[2024-07-13T00:19:28.596+0000] {processor.py:829} INFO - Processing file /opt/airflow/dags/reddit_dag.py for tasks to queue
[2024-07-13T00:19:28.603+0000] {logging_mixin.py:151} INFO - [2024-07-13T00:19:28.603+0000] {dagbag.py:536} INFO - Filling up the DagBag from /opt/airflow/dags/reddit_dag.py
[2024-07-13T00:19:28.904+0000] {processor.py:839} INFO - DAG(s) dict_keys(['etl_reddit_pipeline']) retrieved from /opt/airflow/dags/reddit_dag.py
[2024-07-13T00:19:28.922+0000] {logging_mixin.py:151} INFO - [2024-07-13T00:19:28.922+0000] {dag.py:2941} INFO - Sync 1 DAGs
[2024-07-13T00:19:28.934+0000] {logging_mixin.py:151} INFO - [2024-07-13T00:19:28.934+0000] {dag.py:3722} INFO - Setting next_dagrun for etl_reddit_pipeline to 2024-07-13T00:00:00+00:00, run_after=2024-07-14T00:00:00+00:00
[2024-07-13T00:19:28.942+0000] {processor.py:179} INFO - Processing /opt/airflow/dags/reddit_dag.py took 0.359 seconds
[2024-07-13T00:19:58.971+0000] {processor.py:157} INFO - Started process (PID=173) to work on /opt/airflow/dags/reddit_dag.py
[2024-07-13T00:19:58.973+0000] {processor.py:829} INFO - Processing file /opt/airflow/dags/reddit_dag.py for tasks to queue
[2024-07-13T00:19:58.975+0000] {logging_mixin.py:151} INFO - [2024-07-13T00:19:58.975+0000] {dagbag.py:536} INFO - Filling up the DagBag from /opt/airflow/dags/reddit_dag.py
[2024-07-13T00:19:59.189+0000] {processor.py:839} INFO - DAG(s) dict_keys(['etl_reddit_pipeline']) retrieved from /opt/airflow/dags/reddit_dag.py
[2024-07-13T00:19:59.202+0000] {logging_mixin.py:151} INFO - [2024-07-13T00:19:59.202+0000] {dag.py:2941} INFO - Sync 1 DAGs
[2024-07-13T00:19:59.319+0000] {logging_mixin.py:151} INFO - [2024-07-13T00:19:59.319+0000] {dag.py:3722} INFO - Setting next_dagrun for etl_reddit_pipeline to 2024-07-13T00:00:00+00:00, run_after=2024-07-14T00:00:00+00:00
[2024-07-13T00:19:59.327+0000] {processor.py:179} INFO - Processing /opt/airflow/dags/reddit_dag.py took 0.361 seconds
[2024-07-13T00:20:29.609+0000] {processor.py:157} INFO - Started process (PID=175) to work on /opt/airflow/dags/reddit_dag.py
[2024-07-13T00:20:29.610+0000] {processor.py:829} INFO - Processing file /opt/airflow/dags/reddit_dag.py for tasks to queue
[2024-07-13T00:20:29.612+0000] {logging_mixin.py:151} INFO - [2024-07-13T00:20:29.612+0000] {dagbag.py:536} INFO - Filling up the DagBag from /opt/airflow/dags/reddit_dag.py
[2024-07-13T00:20:29.844+0000] {processor.py:839} INFO - DAG(s) dict_keys(['etl_reddit_pipeline']) retrieved from /opt/airflow/dags/reddit_dag.py
[2024-07-13T00:20:29.856+0000] {logging_mixin.py:151} INFO - [2024-07-13T00:20:29.856+0000] {dag.py:2941} INFO - Sync 1 DAGs
[2024-07-13T00:20:29.867+0000] {logging_mixin.py:151} INFO - [2024-07-13T00:20:29.866+0000] {dag.py:3722} INFO - Setting next_dagrun for etl_reddit_pipeline to 2024-07-13T00:00:00+00:00, run_after=2024-07-14T00:00:00+00:00
[2024-07-13T00:20:29.874+0000] {processor.py:179} INFO - Processing /opt/airflow/dags/reddit_dag.py took 0.268 seconds
[2024-07-13T00:20:59.974+0000] {processor.py:157} INFO - Started process (PID=177) to work on /opt/airflow/dags/reddit_dag.py
[2024-07-13T00:20:59.976+0000] {processor.py:829} INFO - Processing file /opt/airflow/dags/reddit_dag.py for tasks to queue
[2024-07-13T00:20:59.981+0000] {logging_mixin.py:151} INFO - [2024-07-13T00:20:59.981+0000] {dagbag.py:536} INFO - Filling up the DagBag from /opt/airflow/dags/reddit_dag.py
[2024-07-13T00:21:00.275+0000] {processor.py:839} INFO - DAG(s) dict_keys(['etl_reddit_pipeline']) retrieved from /opt/airflow/dags/reddit_dag.py
[2024-07-13T00:21:00.309+0000] {logging_mixin.py:151} INFO - [2024-07-13T00:21:00.307+0000] {dag.py:2941} INFO - Sync 1 DAGs
[2024-07-13T00:21:00.332+0000] {logging_mixin.py:151} INFO - [2024-07-13T00:21:00.332+0000] {dag.py:3722} INFO - Setting next_dagrun for etl_reddit_pipeline to 2024-07-13T00:00:00+00:00, run_after=2024-07-14T00:00:00+00:00
[2024-07-13T00:21:00.341+0000] {processor.py:179} INFO - Processing /opt/airflow/dags/reddit_dag.py took 0.373 seconds
[2024-07-13T00:21:30.505+0000] {processor.py:157} INFO - Started process (PID=179) to work on /opt/airflow/dags/reddit_dag.py
[2024-07-13T00:21:30.507+0000] {processor.py:829} INFO - Processing file /opt/airflow/dags/reddit_dag.py for tasks to queue
[2024-07-13T00:21:30.512+0000] {logging_mixin.py:151} INFO - [2024-07-13T00:21:30.511+0000] {dagbag.py:536} INFO - Filling up the DagBag from /opt/airflow/dags/reddit_dag.py
[2024-07-13T00:21:30.727+0000] {processor.py:839} INFO - DAG(s) dict_keys(['etl_reddit_pipeline']) retrieved from /opt/airflow/dags/reddit_dag.py
[2024-07-13T00:21:30.739+0000] {logging_mixin.py:151} INFO - [2024-07-13T00:21:30.738+0000] {dag.py:2941} INFO - Sync 1 DAGs
[2024-07-13T00:21:30.749+0000] {logging_mixin.py:151} INFO - [2024-07-13T00:21:30.749+0000] {dag.py:3722} INFO - Setting next_dagrun for etl_reddit_pipeline to 2024-07-13T00:00:00+00:00, run_after=2024-07-14T00:00:00+00:00
[2024-07-13T00:21:30.756+0000] {processor.py:179} INFO - Processing /opt/airflow/dags/reddit_dag.py took 0.257 seconds
[2024-07-13T00:22:00.971+0000] {processor.py:157} INFO - Started process (PID=181) to work on /opt/airflow/dags/reddit_dag.py
[2024-07-13T00:22:00.972+0000] {processor.py:829} INFO - Processing file /opt/airflow/dags/reddit_dag.py for tasks to queue
[2024-07-13T00:22:00.977+0000] {logging_mixin.py:151} INFO - [2024-07-13T00:22:00.977+0000] {dagbag.py:536} INFO - Filling up the DagBag from /opt/airflow/dags/reddit_dag.py
[2024-07-13T00:22:01.225+0000] {processor.py:839} INFO - DAG(s) dict_keys(['etl_reddit_pipeline']) retrieved from /opt/airflow/dags/reddit_dag.py
[2024-07-13T00:22:01.239+0000] {logging_mixin.py:151} INFO - [2024-07-13T00:22:01.238+0000] {dag.py:2941} INFO - Sync 1 DAGs
[2024-07-13T00:22:01.250+0000] {logging_mixin.py:151} INFO - [2024-07-13T00:22:01.250+0000] {dag.py:3722} INFO - Setting next_dagrun for etl_reddit_pipeline to 2024-07-13T00:00:00+00:00, run_after=2024-07-14T00:00:00+00:00
[2024-07-13T00:22:01.258+0000] {processor.py:179} INFO - Processing /opt/airflow/dags/reddit_dag.py took 0.294 seconds
[2024-07-13T00:22:31.406+0000] {processor.py:157} INFO - Started process (PID=183) to work on /opt/airflow/dags/reddit_dag.py
[2024-07-13T00:22:31.408+0000] {processor.py:829} INFO - Processing file /opt/airflow/dags/reddit_dag.py for tasks to queue
[2024-07-13T00:22:31.412+0000] {logging_mixin.py:151} INFO - [2024-07-13T00:22:31.412+0000] {dagbag.py:536} INFO - Filling up the DagBag from /opt/airflow/dags/reddit_dag.py
[2024-07-13T00:22:31.644+0000] {processor.py:839} INFO - DAG(s) dict_keys(['etl_reddit_pipeline']) retrieved from /opt/airflow/dags/reddit_dag.py
[2024-07-13T00:22:31.656+0000] {logging_mixin.py:151} INFO - [2024-07-13T00:22:31.656+0000] {dag.py:2941} INFO - Sync 1 DAGs
[2024-07-13T00:22:31.667+0000] {logging_mixin.py:151} INFO - [2024-07-13T00:22:31.667+0000] {dag.py:3722} INFO - Setting next_dagrun for etl_reddit_pipeline to 2024-07-13T00:00:00+00:00, run_after=2024-07-14T00:00:00+00:00
[2024-07-13T00:22:31.765+0000] {processor.py:179} INFO - Processing /opt/airflow/dags/reddit_dag.py took 0.365 seconds
[2024-07-13T00:52:26.403+0000] {processor.py:157} INFO - Started process (PID=185) to work on /opt/airflow/dags/reddit_dag.py
[2024-07-13T00:52:26.405+0000] {processor.py:829} INFO - Processing file /opt/airflow/dags/reddit_dag.py for tasks to queue
[2024-07-13T00:52:26.408+0000] {logging_mixin.py:151} INFO - [2024-07-13T00:52:26.407+0000] {dagbag.py:536} INFO - Filling up the DagBag from /opt/airflow/dags/reddit_dag.py
[2024-07-13T00:52:26.650+0000] {processor.py:839} INFO - DAG(s) dict_keys(['etl_reddit_pipeline']) retrieved from /opt/airflow/dags/reddit_dag.py
[2024-07-13T00:52:26.670+0000] {logging_mixin.py:151} INFO - [2024-07-13T00:52:26.670+0000] {dag.py:2941} INFO - Sync 1 DAGs
[2024-07-13T00:52:26.832+0000] {logging_mixin.py:151} INFO - [2024-07-13T00:52:26.832+0000] {dag.py:3722} INFO - Setting next_dagrun for etl_reddit_pipeline to 2024-07-13T00:00:00+00:00, run_after=2024-07-14T00:00:00+00:00
[2024-07-13T00:52:26.846+0000] {processor.py:179} INFO - Processing /opt/airflow/dags/reddit_dag.py took 0.447 seconds
[2024-07-13T00:52:57.247+0000] {processor.py:157} INFO - Started process (PID=187) to work on /opt/airflow/dags/reddit_dag.py
[2024-07-13T00:52:57.249+0000] {processor.py:829} INFO - Processing file /opt/airflow/dags/reddit_dag.py for tasks to queue
[2024-07-13T00:52:57.255+0000] {logging_mixin.py:151} INFO - [2024-07-13T00:52:57.254+0000] {dagbag.py:536} INFO - Filling up the DagBag from /opt/airflow/dags/reddit_dag.py
[2024-07-13T00:52:57.535+0000] {processor.py:839} INFO - DAG(s) dict_keys(['etl_reddit_pipeline']) retrieved from /opt/airflow/dags/reddit_dag.py
[2024-07-13T00:52:57.550+0000] {logging_mixin.py:151} INFO - [2024-07-13T00:52:57.550+0000] {dag.py:2941} INFO - Sync 1 DAGs
[2024-07-13T00:52:57.560+0000] {logging_mixin.py:151} INFO - [2024-07-13T00:52:57.560+0000] {dag.py:3722} INFO - Setting next_dagrun for etl_reddit_pipeline to 2024-07-13T00:00:00+00:00, run_after=2024-07-14T00:00:00+00:00
[2024-07-13T00:52:57.568+0000] {processor.py:179} INFO - Processing /opt/airflow/dags/reddit_dag.py took 0.328 seconds
[2024-07-13T00:53:27.661+0000] {processor.py:157} INFO - Started process (PID=189) to work on /opt/airflow/dags/reddit_dag.py
[2024-07-13T00:53:27.662+0000] {processor.py:829} INFO - Processing file /opt/airflow/dags/reddit_dag.py for tasks to queue
[2024-07-13T00:53:27.664+0000] {logging_mixin.py:151} INFO - [2024-07-13T00:53:27.664+0000] {dagbag.py:536} INFO - Filling up the DagBag from /opt/airflow/dags/reddit_dag.py
[2024-07-13T00:53:27.887+0000] {processor.py:839} INFO - DAG(s) dict_keys(['etl_reddit_pipeline']) retrieved from /opt/airflow/dags/reddit_dag.py
[2024-07-13T00:53:27.900+0000] {logging_mixin.py:151} INFO - [2024-07-13T00:53:27.900+0000] {dag.py:2941} INFO - Sync 1 DAGs
[2024-07-13T00:53:27.910+0000] {logging_mixin.py:151} INFO - [2024-07-13T00:53:27.910+0000] {dag.py:3722} INFO - Setting next_dagrun for etl_reddit_pipeline to 2024-07-13T00:00:00+00:00, run_after=2024-07-14T00:00:00+00:00
[2024-07-13T00:53:27.918+0000] {processor.py:179} INFO - Processing /opt/airflow/dags/reddit_dag.py took 0.261 seconds
[2024-07-13T00:53:58.326+0000] {processor.py:157} INFO - Started process (PID=191) to work on /opt/airflow/dags/reddit_dag.py
[2024-07-13T00:53:58.327+0000] {processor.py:829} INFO - Processing file /opt/airflow/dags/reddit_dag.py for tasks to queue
[2024-07-13T00:53:58.329+0000] {logging_mixin.py:151} INFO - [2024-07-13T00:53:58.329+0000] {dagbag.py:536} INFO - Filling up the DagBag from /opt/airflow/dags/reddit_dag.py
[2024-07-13T00:53:58.542+0000] {processor.py:839} INFO - DAG(s) dict_keys(['etl_reddit_pipeline']) retrieved from /opt/airflow/dags/reddit_dag.py
[2024-07-13T00:53:58.552+0000] {logging_mixin.py:151} INFO - [2024-07-13T00:53:58.552+0000] {dag.py:2941} INFO - Sync 1 DAGs
[2024-07-13T00:53:58.561+0000] {logging_mixin.py:151} INFO - [2024-07-13T00:53:58.561+0000] {dag.py:3722} INFO - Setting next_dagrun for etl_reddit_pipeline to 2024-07-13T00:00:00+00:00, run_after=2024-07-14T00:00:00+00:00
[2024-07-13T00:53:58.568+0000] {processor.py:179} INFO - Processing /opt/airflow/dags/reddit_dag.py took 0.246 seconds
[2024-07-13T01:27:55.258+0000] {processor.py:157} INFO - Started process (PID=193) to work on /opt/airflow/dags/reddit_dag.py
[2024-07-13T01:27:55.259+0000] {processor.py:829} INFO - Processing file /opt/airflow/dags/reddit_dag.py for tasks to queue
[2024-07-13T01:27:55.262+0000] {logging_mixin.py:151} INFO - [2024-07-13T01:27:55.261+0000] {dagbag.py:536} INFO - Filling up the DagBag from /opt/airflow/dags/reddit_dag.py
[2024-07-13T01:27:55.663+0000] {processor.py:839} INFO - DAG(s) dict_keys(['etl_reddit_pipeline']) retrieved from /opt/airflow/dags/reddit_dag.py
[2024-07-13T01:27:55.687+0000] {logging_mixin.py:151} INFO - [2024-07-13T01:27:55.687+0000] {dag.py:2941} INFO - Sync 1 DAGs
[2024-07-13T01:27:55.702+0000] {logging_mixin.py:151} INFO - [2024-07-13T01:27:55.702+0000] {dag.py:3722} INFO - Setting next_dagrun for etl_reddit_pipeline to 2024-07-13T00:00:00+00:00, run_after=2024-07-14T00:00:00+00:00
[2024-07-13T01:27:55.713+0000] {processor.py:179} INFO - Processing /opt/airflow/dags/reddit_dag.py took 0.458 seconds
[2024-07-13T01:29:09.751+0000] {processor.py:157} INFO - Started process (PID=195) to work on /opt/airflow/dags/reddit_dag.py
[2024-07-13T01:29:09.755+0000] {processor.py:829} INFO - Processing file /opt/airflow/dags/reddit_dag.py for tasks to queue
[2024-07-13T01:29:09.758+0000] {logging_mixin.py:151} INFO - [2024-07-13T01:29:09.758+0000] {dagbag.py:536} INFO - Filling up the DagBag from /opt/airflow/dags/reddit_dag.py
[2024-07-13T01:29:10.039+0000] {processor.py:839} INFO - DAG(s) dict_keys(['etl_reddit_pipeline']) retrieved from /opt/airflow/dags/reddit_dag.py
[2024-07-13T01:29:10.052+0000] {logging_mixin.py:151} INFO - [2024-07-13T01:29:10.052+0000] {dag.py:2941} INFO - Sync 1 DAGs
[2024-07-13T01:29:10.062+0000] {logging_mixin.py:151} INFO - [2024-07-13T01:29:10.062+0000] {dag.py:3722} INFO - Setting next_dagrun for etl_reddit_pipeline to 2024-07-13T00:00:00+00:00, run_after=2024-07-14T00:00:00+00:00
[2024-07-13T01:29:10.155+0000] {processor.py:179} INFO - Processing /opt/airflow/dags/reddit_dag.py took 0.409 seconds
[2024-07-13T01:29:40.540+0000] {processor.py:157} INFO - Started process (PID=197) to work on /opt/airflow/dags/reddit_dag.py
[2024-07-13T01:29:40.541+0000] {processor.py:829} INFO - Processing file /opt/airflow/dags/reddit_dag.py for tasks to queue
[2024-07-13T01:29:40.544+0000] {logging_mixin.py:151} INFO - [2024-07-13T01:29:40.544+0000] {dagbag.py:536} INFO - Filling up the DagBag from /opt/airflow/dags/reddit_dag.py
[2024-07-13T01:29:40.752+0000] {processor.py:839} INFO - DAG(s) dict_keys(['etl_reddit_pipeline']) retrieved from /opt/airflow/dags/reddit_dag.py
[2024-07-13T01:29:40.763+0000] {logging_mixin.py:151} INFO - [2024-07-13T01:29:40.763+0000] {dag.py:2941} INFO - Sync 1 DAGs
[2024-07-13T01:29:40.830+0000] {logging_mixin.py:151} INFO - [2024-07-13T01:29:40.830+0000] {dag.py:3722} INFO - Setting next_dagrun for etl_reddit_pipeline to 2024-07-13T00:00:00+00:00, run_after=2024-07-14T00:00:00+00:00
[2024-07-13T01:29:40.838+0000] {processor.py:179} INFO - Processing /opt/airflow/dags/reddit_dag.py took 0.302 seconds
[2024-07-13T01:30:10.960+0000] {processor.py:157} INFO - Started process (PID=199) to work on /opt/airflow/dags/reddit_dag.py
[2024-07-13T01:30:10.962+0000] {processor.py:829} INFO - Processing file /opt/airflow/dags/reddit_dag.py for tasks to queue
[2024-07-13T01:30:10.964+0000] {logging_mixin.py:151} INFO - [2024-07-13T01:30:10.964+0000] {dagbag.py:536} INFO - Filling up the DagBag from /opt/airflow/dags/reddit_dag.py
[2024-07-13T01:30:11.169+0000] {processor.py:839} INFO - DAG(s) dict_keys(['etl_reddit_pipeline']) retrieved from /opt/airflow/dags/reddit_dag.py
[2024-07-13T01:30:11.178+0000] {logging_mixin.py:151} INFO - [2024-07-13T01:30:11.178+0000] {dag.py:2941} INFO - Sync 1 DAGs
[2024-07-13T01:30:11.188+0000] {logging_mixin.py:151} INFO - [2024-07-13T01:30:11.188+0000] {dag.py:3722} INFO - Setting next_dagrun for etl_reddit_pipeline to 2024-07-13T00:00:00+00:00, run_after=2024-07-14T00:00:00+00:00
[2024-07-13T01:30:11.194+0000] {processor.py:179} INFO - Processing /opt/airflow/dags/reddit_dag.py took 0.238 seconds
[2024-07-13T01:30:41.518+0000] {processor.py:157} INFO - Started process (PID=201) to work on /opt/airflow/dags/reddit_dag.py
[2024-07-13T01:30:41.519+0000] {processor.py:829} INFO - Processing file /opt/airflow/dags/reddit_dag.py for tasks to queue
[2024-07-13T01:30:41.522+0000] {logging_mixin.py:151} INFO - [2024-07-13T01:30:41.522+0000] {dagbag.py:536} INFO - Filling up the DagBag from /opt/airflow/dags/reddit_dag.py
[2024-07-13T01:30:41.723+0000] {processor.py:839} INFO - DAG(s) dict_keys(['etl_reddit_pipeline']) retrieved from /opt/airflow/dags/reddit_dag.py
[2024-07-13T01:30:41.733+0000] {logging_mixin.py:151} INFO - [2024-07-13T01:30:41.732+0000] {dag.py:2941} INFO - Sync 1 DAGs
[2024-07-13T01:30:41.741+0000] {logging_mixin.py:151} INFO - [2024-07-13T01:30:41.741+0000] {dag.py:3722} INFO - Setting next_dagrun for etl_reddit_pipeline to 2024-07-13T00:00:00+00:00, run_after=2024-07-14T00:00:00+00:00
[2024-07-13T01:30:41.747+0000] {processor.py:179} INFO - Processing /opt/airflow/dags/reddit_dag.py took 0.233 seconds
[2024-07-13T01:41:31.897+0000] {processor.py:157} INFO - Started process (PID=203) to work on /opt/airflow/dags/reddit_dag.py
[2024-07-13T01:41:31.898+0000] {processor.py:829} INFO - Processing file /opt/airflow/dags/reddit_dag.py for tasks to queue
[2024-07-13T01:41:31.904+0000] {logging_mixin.py:151} INFO - [2024-07-13T01:41:31.904+0000] {dagbag.py:536} INFO - Filling up the DagBag from /opt/airflow/dags/reddit_dag.py
[2024-07-13T01:41:32.195+0000] {processor.py:839} INFO - DAG(s) dict_keys(['etl_reddit_pipeline']) retrieved from /opt/airflow/dags/reddit_dag.py
[2024-07-13T01:41:32.210+0000] {logging_mixin.py:151} INFO - [2024-07-13T01:41:32.210+0000] {dag.py:2941} INFO - Sync 1 DAGs
[2024-07-13T01:41:32.221+0000] {logging_mixin.py:151} INFO - [2024-07-13T01:41:32.221+0000] {dag.py:3722} INFO - Setting next_dagrun for etl_reddit_pipeline to 2024-07-13T00:00:00+00:00, run_after=2024-07-14T00:00:00+00:00
[2024-07-13T01:41:32.229+0000] {processor.py:179} INFO - Processing /opt/airflow/dags/reddit_dag.py took 0.338 seconds
[2024-07-13T01:48:44.115+0000] {processor.py:157} INFO - Started process (PID=205) to work on /opt/airflow/dags/reddit_dag.py
[2024-07-13T01:48:44.116+0000] {processor.py:829} INFO - Processing file /opt/airflow/dags/reddit_dag.py for tasks to queue
[2024-07-13T01:48:44.118+0000] {logging_mixin.py:151} INFO - [2024-07-13T01:48:44.117+0000] {dagbag.py:536} INFO - Filling up the DagBag from /opt/airflow/dags/reddit_dag.py
[2024-07-13T01:48:44.359+0000] {processor.py:839} INFO - DAG(s) dict_keys(['etl_reddit_pipeline']) retrieved from /opt/airflow/dags/reddit_dag.py
[2024-07-13T01:48:44.372+0000] {logging_mixin.py:151} INFO - [2024-07-13T01:48:44.371+0000] {dag.py:2941} INFO - Sync 1 DAGs
[2024-07-13T01:48:44.391+0000] {logging_mixin.py:151} INFO - [2024-07-13T01:48:44.390+0000] {dag.py:3722} INFO - Setting next_dagrun for etl_reddit_pipeline to 2024-07-13T00:00:00+00:00, run_after=2024-07-14T00:00:00+00:00
[2024-07-13T01:48:44.409+0000] {processor.py:179} INFO - Processing /opt/airflow/dags/reddit_dag.py took 0.296 seconds
[2024-07-13T01:49:36.545+0000] {processor.py:157} INFO - Started process (PID=207) to work on /opt/airflow/dags/reddit_dag.py
[2024-07-13T01:49:36.547+0000] {processor.py:829} INFO - Processing file /opt/airflow/dags/reddit_dag.py for tasks to queue
[2024-07-13T01:49:36.556+0000] {logging_mixin.py:151} INFO - [2024-07-13T01:49:36.554+0000] {dagbag.py:536} INFO - Filling up the DagBag from /opt/airflow/dags/reddit_dag.py
[2024-07-13T01:49:36.862+0000] {processor.py:839} INFO - DAG(s) dict_keys(['etl_reddit_pipeline']) retrieved from /opt/airflow/dags/reddit_dag.py
[2024-07-13T01:49:36.877+0000] {logging_mixin.py:151} INFO - [2024-07-13T01:49:36.877+0000] {dag.py:2941} INFO - Sync 1 DAGs
[2024-07-13T01:49:36.985+0000] {logging_mixin.py:151} INFO - [2024-07-13T01:49:36.985+0000] {dag.py:3722} INFO - Setting next_dagrun for etl_reddit_pipeline to 2024-07-13T00:00:00+00:00, run_after=2024-07-14T00:00:00+00:00
[2024-07-13T01:49:36.993+0000] {processor.py:179} INFO - Processing /opt/airflow/dags/reddit_dag.py took 0.459 seconds
[2024-07-13T01:50:26.061+0000] {processor.py:157} INFO - Started process (PID=209) to work on /opt/airflow/dags/reddit_dag.py
[2024-07-13T01:50:26.063+0000] {processor.py:829} INFO - Processing file /opt/airflow/dags/reddit_dag.py for tasks to queue
[2024-07-13T01:50:26.065+0000] {logging_mixin.py:151} INFO - [2024-07-13T01:50:26.065+0000] {dagbag.py:536} INFO - Filling up the DagBag from /opt/airflow/dags/reddit_dag.py
[2024-07-13T01:50:26.270+0000] {processor.py:839} INFO - DAG(s) dict_keys(['etl_reddit_pipeline']) retrieved from /opt/airflow/dags/reddit_dag.py
[2024-07-13T01:50:26.279+0000] {logging_mixin.py:151} INFO - [2024-07-13T01:50:26.279+0000] {dag.py:2941} INFO - Sync 1 DAGs
[2024-07-13T01:50:26.288+0000] {logging_mixin.py:151} INFO - [2024-07-13T01:50:26.288+0000] {dag.py:3722} INFO - Setting next_dagrun for etl_reddit_pipeline to 2024-07-13T00:00:00+00:00, run_after=2024-07-14T00:00:00+00:00
[2024-07-13T01:50:26.295+0000] {processor.py:179} INFO - Processing /opt/airflow/dags/reddit_dag.py took 0.238 seconds
[2024-07-13T02:01:13.806+0000] {processor.py:157} INFO - Started process (PID=211) to work on /opt/airflow/dags/reddit_dag.py
[2024-07-13T02:01:13.808+0000] {processor.py:829} INFO - Processing file /opt/airflow/dags/reddit_dag.py for tasks to queue
[2024-07-13T02:01:13.813+0000] {logging_mixin.py:151} INFO - [2024-07-13T02:01:13.813+0000] {dagbag.py:536} INFO - Filling up the DagBag from /opt/airflow/dags/reddit_dag.py
[2024-07-13T02:01:14.181+0000] {processor.py:839} INFO - DAG(s) dict_keys(['etl_reddit_pipeline']) retrieved from /opt/airflow/dags/reddit_dag.py
[2024-07-13T02:01:14.214+0000] {logging_mixin.py:151} INFO - [2024-07-13T02:01:14.213+0000] {dag.py:2941} INFO - Sync 1 DAGs
[2024-07-13T02:01:14.231+0000] {logging_mixin.py:151} INFO - [2024-07-13T02:01:14.231+0000] {dag.py:3722} INFO - Setting next_dagrun for etl_reddit_pipeline to 2024-07-13T00:00:00+00:00, run_after=2024-07-14T00:00:00+00:00
[2024-07-13T02:01:14.252+0000] {processor.py:179} INFO - Processing /opt/airflow/dags/reddit_dag.py took 0.452 seconds
[2024-07-13T02:01:53.887+0000] {processor.py:157} INFO - Started process (PID=213) to work on /opt/airflow/dags/reddit_dag.py
[2024-07-13T02:01:53.890+0000] {processor.py:829} INFO - Processing file /opt/airflow/dags/reddit_dag.py for tasks to queue
[2024-07-13T02:01:53.895+0000] {logging_mixin.py:151} INFO - [2024-07-13T02:01:53.895+0000] {dagbag.py:536} INFO - Filling up the DagBag from /opt/airflow/dags/reddit_dag.py
[2024-07-13T02:01:54.165+0000] {processor.py:839} INFO - DAG(s) dict_keys(['etl_reddit_pipeline']) retrieved from /opt/airflow/dags/reddit_dag.py
[2024-07-13T02:01:54.180+0000] {logging_mixin.py:151} INFO - [2024-07-13T02:01:54.180+0000] {dag.py:2941} INFO - Sync 1 DAGs
[2024-07-13T02:01:54.191+0000] {logging_mixin.py:151} INFO - [2024-07-13T02:01:54.191+0000] {dag.py:3722} INFO - Setting next_dagrun for etl_reddit_pipeline to 2024-07-13T00:00:00+00:00, run_after=2024-07-14T00:00:00+00:00
[2024-07-13T02:01:54.199+0000] {processor.py:179} INFO - Processing /opt/airflow/dags/reddit_dag.py took 0.321 seconds
[2024-07-13T02:18:03.986+0000] {processor.py:157} INFO - Started process (PID=215) to work on /opt/airflow/dags/reddit_dag.py
[2024-07-13T02:18:03.987+0000] {processor.py:829} INFO - Processing file /opt/airflow/dags/reddit_dag.py for tasks to queue
[2024-07-13T02:18:03.990+0000] {logging_mixin.py:151} INFO - [2024-07-13T02:18:03.990+0000] {dagbag.py:536} INFO - Filling up the DagBag from /opt/airflow/dags/reddit_dag.py
[2024-07-13T02:18:04.408+0000] {processor.py:839} INFO - DAG(s) dict_keys(['etl_reddit_pipeline']) retrieved from /opt/airflow/dags/reddit_dag.py
[2024-07-13T02:18:04.433+0000] {logging_mixin.py:151} INFO - [2024-07-13T02:18:04.433+0000] {dag.py:2941} INFO - Sync 1 DAGs
[2024-07-13T02:18:04.446+0000] {logging_mixin.py:151} INFO - [2024-07-13T02:18:04.446+0000] {dag.py:3722} INFO - Setting next_dagrun for etl_reddit_pipeline to 2024-07-13T00:00:00+00:00, run_after=2024-07-14T00:00:00+00:00
[2024-07-13T02:18:04.456+0000] {processor.py:179} INFO - Processing /opt/airflow/dags/reddit_dag.py took 0.475 seconds
[2024-07-13T02:19:01.270+0000] {processor.py:157} INFO - Started process (PID=217) to work on /opt/airflow/dags/reddit_dag.py
[2024-07-13T02:19:01.272+0000] {processor.py:829} INFO - Processing file /opt/airflow/dags/reddit_dag.py for tasks to queue
[2024-07-13T02:19:01.278+0000] {logging_mixin.py:151} INFO - [2024-07-13T02:19:01.278+0000] {dagbag.py:536} INFO - Filling up the DagBag from /opt/airflow/dags/reddit_dag.py
[2024-07-13T02:19:01.591+0000] {processor.py:839} INFO - DAG(s) dict_keys(['etl_reddit_pipeline']) retrieved from /opt/airflow/dags/reddit_dag.py
[2024-07-13T02:19:01.610+0000] {logging_mixin.py:151} INFO - [2024-07-13T02:19:01.610+0000] {dag.py:2941} INFO - Sync 1 DAGs
[2024-07-13T02:19:01.622+0000] {logging_mixin.py:151} INFO - [2024-07-13T02:19:01.622+0000] {dag.py:3722} INFO - Setting next_dagrun for etl_reddit_pipeline to 2024-07-13T00:00:00+00:00, run_after=2024-07-14T00:00:00+00:00
[2024-07-13T02:19:01.723+0000] {processor.py:179} INFO - Processing /opt/airflow/dags/reddit_dag.py took 0.470 seconds
[2024-07-13T02:20:14.217+0000] {processor.py:157} INFO - Started process (PID=219) to work on /opt/airflow/dags/reddit_dag.py
[2024-07-13T02:20:14.220+0000] {processor.py:829} INFO - Processing file /opt/airflow/dags/reddit_dag.py for tasks to queue
[2024-07-13T02:20:14.225+0000] {logging_mixin.py:151} INFO - [2024-07-13T02:20:14.224+0000] {dagbag.py:536} INFO - Filling up the DagBag from /opt/airflow/dags/reddit_dag.py
[2024-07-13T02:20:14.631+0000] {processor.py:839} INFO - DAG(s) dict_keys(['etl_reddit_pipeline']) retrieved from /opt/airflow/dags/reddit_dag.py
[2024-07-13T02:20:14.663+0000] {logging_mixin.py:151} INFO - [2024-07-13T02:20:14.663+0000] {dag.py:2941} INFO - Sync 1 DAGs
[2024-07-13T02:20:14.867+0000] {logging_mixin.py:151} INFO - [2024-07-13T02:20:14.867+0000] {dag.py:3722} INFO - Setting next_dagrun for etl_reddit_pipeline to 2024-07-13T00:00:00+00:00, run_after=2024-07-14T00:00:00+00:00
[2024-07-13T02:20:14.880+0000] {processor.py:179} INFO - Processing /opt/airflow/dags/reddit_dag.py took 0.671 seconds
[2024-07-13T02:46:57.668+0000] {processor.py:157} INFO - Started process (PID=221) to work on /opt/airflow/dags/reddit_dag.py
[2024-07-13T02:46:57.670+0000] {processor.py:829} INFO - Processing file /opt/airflow/dags/reddit_dag.py for tasks to queue
[2024-07-13T02:46:57.676+0000] {logging_mixin.py:151} INFO - [2024-07-13T02:46:57.676+0000] {dagbag.py:536} INFO - Filling up the DagBag from /opt/airflow/dags/reddit_dag.py
[2024-07-13T02:46:58.016+0000] {processor.py:839} INFO - DAG(s) dict_keys(['etl_reddit_pipeline']) retrieved from /opt/airflow/dags/reddit_dag.py
[2024-07-13T02:46:58.029+0000] {logging_mixin.py:151} INFO - [2024-07-13T02:46:58.029+0000] {dag.py:2941} INFO - Sync 1 DAGs
[2024-07-13T02:46:58.041+0000] {logging_mixin.py:151} INFO - [2024-07-13T02:46:58.040+0000] {dag.py:3722} INFO - Setting next_dagrun for etl_reddit_pipeline to 2024-07-13T00:00:00+00:00, run_after=2024-07-14T00:00:00+00:00
[2024-07-13T02:46:58.048+0000] {processor.py:179} INFO - Processing /opt/airflow/dags/reddit_dag.py took 0.393 seconds
[2024-07-13T02:47:28.314+0000] {processor.py:157} INFO - Started process (PID=223) to work on /opt/airflow/dags/reddit_dag.py
[2024-07-13T02:47:28.316+0000] {processor.py:829} INFO - Processing file /opt/airflow/dags/reddit_dag.py for tasks to queue
[2024-07-13T02:47:28.320+0000] {logging_mixin.py:151} INFO - [2024-07-13T02:47:28.319+0000] {dagbag.py:536} INFO - Filling up the DagBag from /opt/airflow/dags/reddit_dag.py
[2024-07-13T02:47:28.584+0000] {processor.py:839} INFO - DAG(s) dict_keys(['etl_reddit_pipeline']) retrieved from /opt/airflow/dags/reddit_dag.py
[2024-07-13T02:47:28.598+0000] {logging_mixin.py:151} INFO - [2024-07-13T02:47:28.598+0000] {dag.py:2941} INFO - Sync 1 DAGs
[2024-07-13T02:47:28.609+0000] {logging_mixin.py:151} INFO - [2024-07-13T02:47:28.609+0000] {dag.py:3722} INFO - Setting next_dagrun for etl_reddit_pipeline to 2024-07-13T00:00:00+00:00, run_after=2024-07-14T00:00:00+00:00
[2024-07-13T02:47:28.617+0000] {processor.py:179} INFO - Processing /opt/airflow/dags/reddit_dag.py took 0.311 seconds
[2024-07-13T02:47:58.821+0000] {processor.py:157} INFO - Started process (PID=225) to work on /opt/airflow/dags/reddit_dag.py
[2024-07-13T02:47:58.822+0000] {processor.py:829} INFO - Processing file /opt/airflow/dags/reddit_dag.py for tasks to queue
[2024-07-13T02:47:58.826+0000] {logging_mixin.py:151} INFO - [2024-07-13T02:47:58.825+0000] {dagbag.py:536} INFO - Filling up the DagBag from /opt/airflow/dags/reddit_dag.py
[2024-07-13T02:47:59.049+0000] {processor.py:839} INFO - DAG(s) dict_keys(['etl_reddit_pipeline']) retrieved from /opt/airflow/dags/reddit_dag.py
[2024-07-13T02:47:59.059+0000] {logging_mixin.py:151} INFO - [2024-07-13T02:47:59.059+0000] {dag.py:2941} INFO - Sync 1 DAGs
[2024-07-13T02:47:59.068+0000] {logging_mixin.py:151} INFO - [2024-07-13T02:47:59.068+0000] {dag.py:3722} INFO - Setting next_dagrun for etl_reddit_pipeline to 2024-07-13T00:00:00+00:00, run_after=2024-07-14T00:00:00+00:00
[2024-07-13T02:47:59.075+0000] {processor.py:179} INFO - Processing /opt/airflow/dags/reddit_dag.py took 0.259 seconds
[2024-07-13T02:48:29.338+0000] {processor.py:157} INFO - Started process (PID=227) to work on /opt/airflow/dags/reddit_dag.py
[2024-07-13T02:48:29.341+0000] {processor.py:829} INFO - Processing file /opt/airflow/dags/reddit_dag.py for tasks to queue
[2024-07-13T02:48:29.344+0000] {logging_mixin.py:151} INFO - [2024-07-13T02:48:29.344+0000] {dagbag.py:536} INFO - Filling up the DagBag from /opt/airflow/dags/reddit_dag.py
[2024-07-13T02:48:29.555+0000] {processor.py:839} INFO - DAG(s) dict_keys(['etl_reddit_pipeline']) retrieved from /opt/airflow/dags/reddit_dag.py
[2024-07-13T02:48:29.565+0000] {logging_mixin.py:151} INFO - [2024-07-13T02:48:29.565+0000] {dag.py:2941} INFO - Sync 1 DAGs
[2024-07-13T02:48:29.574+0000] {logging_mixin.py:151} INFO - [2024-07-13T02:48:29.574+0000] {dag.py:3722} INFO - Setting next_dagrun for etl_reddit_pipeline to 2024-07-13T00:00:00+00:00, run_after=2024-07-14T00:00:00+00:00
[2024-07-13T02:48:29.581+0000] {processor.py:179} INFO - Processing /opt/airflow/dags/reddit_dag.py took 0.248 seconds
[2024-07-13T03:07:47.080+0000] {processor.py:157} INFO - Started process (PID=229) to work on /opt/airflow/dags/reddit_dag.py
[2024-07-13T03:07:47.082+0000] {processor.py:829} INFO - Processing file /opt/airflow/dags/reddit_dag.py for tasks to queue
[2024-07-13T03:07:47.084+0000] {logging_mixin.py:151} INFO - [2024-07-13T03:07:47.084+0000] {dagbag.py:536} INFO - Filling up the DagBag from /opt/airflow/dags/reddit_dag.py
[2024-07-13T03:07:47.474+0000] {processor.py:839} INFO - DAG(s) dict_keys(['etl_reddit_pipeline']) retrieved from /opt/airflow/dags/reddit_dag.py
[2024-07-13T03:07:47.511+0000] {logging_mixin.py:151} INFO - [2024-07-13T03:07:47.510+0000] {dag.py:2941} INFO - Sync 1 DAGs
[2024-07-13T03:07:47.678+0000] {logging_mixin.py:151} INFO - [2024-07-13T03:07:47.678+0000] {dag.py:3722} INFO - Setting next_dagrun for etl_reddit_pipeline to 2024-07-13T00:00:00+00:00, run_after=2024-07-14T00:00:00+00:00
[2024-07-13T03:07:47.687+0000] {processor.py:179} INFO - Processing /opt/airflow/dags/reddit_dag.py took 0.617 seconds
[2024-07-13T04:03:02.779+0000] {processor.py:157} INFO - Started process (PID=231) to work on /opt/airflow/dags/reddit_dag.py
[2024-07-13T04:03:02.781+0000] {processor.py:829} INFO - Processing file /opt/airflow/dags/reddit_dag.py for tasks to queue
[2024-07-13T04:03:02.785+0000] {logging_mixin.py:151} INFO - [2024-07-13T04:03:02.785+0000] {dagbag.py:536} INFO - Filling up the DagBag from /opt/airflow/dags/reddit_dag.py
[2024-07-13T04:03:03.170+0000] {processor.py:839} INFO - DAG(s) dict_keys(['etl_reddit_pipeline']) retrieved from /opt/airflow/dags/reddit_dag.py
[2024-07-13T04:03:03.185+0000] {logging_mixin.py:151} INFO - [2024-07-13T04:03:03.185+0000] {dag.py:2941} INFO - Sync 1 DAGs
[2024-07-13T04:03:03.199+0000] {logging_mixin.py:151} INFO - [2024-07-13T04:03:03.198+0000] {dag.py:3722} INFO - Setting next_dagrun for etl_reddit_pipeline to 2024-07-13T00:00:00+00:00, run_after=2024-07-14T00:00:00+00:00
[2024-07-13T04:03:03.209+0000] {processor.py:179} INFO - Processing /opt/airflow/dags/reddit_dag.py took 0.437 seconds
[2024-07-13T05:25:55.600+0000] {processor.py:157} INFO - Started process (PID=233) to work on /opt/airflow/dags/reddit_dag.py
[2024-07-13T05:25:55.602+0000] {processor.py:829} INFO - Processing file /opt/airflow/dags/reddit_dag.py for tasks to queue
[2024-07-13T05:25:55.608+0000] {logging_mixin.py:151} INFO - [2024-07-13T05:25:55.607+0000] {dagbag.py:536} INFO - Filling up the DagBag from /opt/airflow/dags/reddit_dag.py
[2024-07-13T05:25:56.077+0000] {processor.py:839} INFO - DAG(s) dict_keys(['etl_reddit_pipeline']) retrieved from /opt/airflow/dags/reddit_dag.py
[2024-07-13T05:25:56.104+0000] {logging_mixin.py:151} INFO - [2024-07-13T05:25:56.104+0000] {dag.py:2941} INFO - Sync 1 DAGs
[2024-07-13T05:25:56.120+0000] {logging_mixin.py:151} INFO - [2024-07-13T05:25:56.120+0000] {dag.py:3722} INFO - Setting next_dagrun for etl_reddit_pipeline to 2024-07-13T00:00:00+00:00, run_after=2024-07-14T00:00:00+00:00
[2024-07-13T05:25:56.130+0000] {processor.py:179} INFO - Processing /opt/airflow/dags/reddit_dag.py took 0.550 seconds
[2024-07-13T06:00:54.216+0000] {processor.py:157} INFO - Started process (PID=235) to work on /opt/airflow/dags/reddit_dag.py
[2024-07-13T06:00:54.218+0000] {processor.py:829} INFO - Processing file /opt/airflow/dags/reddit_dag.py for tasks to queue
[2024-07-13T06:00:54.223+0000] {logging_mixin.py:151} INFO - [2024-07-13T06:00:54.223+0000] {dagbag.py:536} INFO - Filling up the DagBag from /opt/airflow/dags/reddit_dag.py
[2024-07-13T06:00:54.734+0000] {processor.py:839} INFO - DAG(s) dict_keys(['etl_reddit_pipeline']) retrieved from /opt/airflow/dags/reddit_dag.py
[2024-07-13T06:00:54.760+0000] {logging_mixin.py:151} INFO - [2024-07-13T06:00:54.760+0000] {dag.py:2941} INFO - Sync 1 DAGs
[2024-07-13T06:00:54.780+0000] {logging_mixin.py:151} INFO - [2024-07-13T06:00:54.780+0000] {dag.py:3722} INFO - Setting next_dagrun for etl_reddit_pipeline to 2024-07-13T00:00:00+00:00, run_after=2024-07-14T00:00:00+00:00
[2024-07-13T06:00:54.791+0000] {processor.py:179} INFO - Processing /opt/airflow/dags/reddit_dag.py took 0.579 seconds
[2024-07-13T07:00:53.521+0000] {processor.py:157} INFO - Started process (PID=237) to work on /opt/airflow/dags/reddit_dag.py
[2024-07-13T07:00:53.522+0000] {processor.py:829} INFO - Processing file /opt/airflow/dags/reddit_dag.py for tasks to queue
[2024-07-13T07:00:53.527+0000] {logging_mixin.py:151} INFO - [2024-07-13T07:00:53.526+0000] {dagbag.py:536} INFO - Filling up the DagBag from /opt/airflow/dags/reddit_dag.py
[2024-07-13T07:00:53.870+0000] {processor.py:839} INFO - DAG(s) dict_keys(['etl_reddit_pipeline']) retrieved from /opt/airflow/dags/reddit_dag.py
[2024-07-13T07:00:53.889+0000] {logging_mixin.py:151} INFO - [2024-07-13T07:00:53.888+0000] {dag.py:2941} INFO - Sync 1 DAGs
[2024-07-13T07:00:53.904+0000] {logging_mixin.py:151} INFO - [2024-07-13T07:00:53.904+0000] {dag.py:3722} INFO - Setting next_dagrun for etl_reddit_pipeline to 2024-07-13T00:00:00+00:00, run_after=2024-07-14T00:00:00+00:00
[2024-07-13T07:00:53.918+0000] {processor.py:179} INFO - Processing /opt/airflow/dags/reddit_dag.py took 0.402 seconds
[2024-07-13T07:28:55.508+0000] {processor.py:157} INFO - Started process (PID=239) to work on /opt/airflow/dags/reddit_dag.py
[2024-07-13T07:28:55.510+0000] {processor.py:829} INFO - Processing file /opt/airflow/dags/reddit_dag.py for tasks to queue
[2024-07-13T07:28:55.515+0000] {logging_mixin.py:151} INFO - [2024-07-13T07:28:55.515+0000] {dagbag.py:536} INFO - Filling up the DagBag from /opt/airflow/dags/reddit_dag.py
[2024-07-13T07:28:55.945+0000] {processor.py:839} INFO - DAG(s) dict_keys(['etl_reddit_pipeline']) retrieved from /opt/airflow/dags/reddit_dag.py
[2024-07-13T07:28:55.982+0000] {logging_mixin.py:151} INFO - [2024-07-13T07:28:55.981+0000] {dag.py:2941} INFO - Sync 1 DAGs
[2024-07-13T07:28:55.998+0000] {logging_mixin.py:151} INFO - [2024-07-13T07:28:55.998+0000] {dag.py:3722} INFO - Setting next_dagrun for etl_reddit_pipeline to 2024-07-13T00:00:00+00:00, run_after=2024-07-14T00:00:00+00:00
[2024-07-13T07:28:56.164+0000] {processor.py:179} INFO - Processing /opt/airflow/dags/reddit_dag.py took 0.669 seconds
[2024-07-13T08:52:59.593+0000] {processor.py:157} INFO - Started process (PID=241) to work on /opt/airflow/dags/reddit_dag.py
[2024-07-13T08:52:59.594+0000] {processor.py:829} INFO - Processing file /opt/airflow/dags/reddit_dag.py for tasks to queue
[2024-07-13T08:52:59.598+0000] {logging_mixin.py:151} INFO - [2024-07-13T08:52:59.597+0000] {dagbag.py:536} INFO - Filling up the DagBag from /opt/airflow/dags/reddit_dag.py
[2024-07-13T08:52:59.940+0000] {processor.py:839} INFO - DAG(s) dict_keys(['etl_reddit_pipeline']) retrieved from /opt/airflow/dags/reddit_dag.py
[2024-07-13T08:52:59.951+0000] {logging_mixin.py:151} INFO - [2024-07-13T08:52:59.951+0000] {dag.py:2941} INFO - Sync 1 DAGs
[2024-07-13T08:53:00.042+0000] {logging_mixin.py:151} INFO - [2024-07-13T08:53:00.042+0000] {dag.py:3722} INFO - Setting next_dagrun for etl_reddit_pipeline to 2024-07-13T00:00:00+00:00, run_after=2024-07-14T00:00:00+00:00
[2024-07-13T08:53:00.050+0000] {processor.py:179} INFO - Processing /opt/airflow/dags/reddit_dag.py took 0.461 seconds
[2024-07-13T10:09:19.550+0000] {processor.py:157} INFO - Started process (PID=243) to work on /opt/airflow/dags/reddit_dag.py
[2024-07-13T10:09:19.551+0000] {processor.py:829} INFO - Processing file /opt/airflow/dags/reddit_dag.py for tasks to queue
[2024-07-13T10:09:19.555+0000] {logging_mixin.py:151} INFO - [2024-07-13T10:09:19.555+0000] {dagbag.py:536} INFO - Filling up the DagBag from /opt/airflow/dags/reddit_dag.py
[2024-07-13T10:09:20.085+0000] {processor.py:839} INFO - DAG(s) dict_keys(['etl_reddit_pipeline']) retrieved from /opt/airflow/dags/reddit_dag.py
[2024-07-13T10:09:20.122+0000] {logging_mixin.py:151} INFO - [2024-07-13T10:09:20.121+0000] {dag.py:2941} INFO - Sync 1 DAGs
[2024-07-13T10:09:20.184+0000] {logging_mixin.py:151} INFO - [2024-07-13T10:09:20.184+0000] {dag.py:3722} INFO - Setting next_dagrun for etl_reddit_pipeline to 2024-07-13T00:00:00+00:00, run_after=2024-07-14T00:00:00+00:00
[2024-07-13T10:09:20.200+0000] {processor.py:179} INFO - Processing /opt/airflow/dags/reddit_dag.py took 0.656 seconds
[2024-07-13T11:11:19.479+0000] {processor.py:157} INFO - Started process (PID=245) to work on /opt/airflow/dags/reddit_dag.py
[2024-07-13T11:11:19.483+0000] {processor.py:829} INFO - Processing file /opt/airflow/dags/reddit_dag.py for tasks to queue
[2024-07-13T11:11:19.490+0000] {logging_mixin.py:151} INFO - [2024-07-13T11:11:19.489+0000] {dagbag.py:536} INFO - Filling up the DagBag from /opt/airflow/dags/reddit_dag.py
[2024-07-13T11:11:19.849+0000] {processor.py:839} INFO - DAG(s) dict_keys(['etl_reddit_pipeline']) retrieved from /opt/airflow/dags/reddit_dag.py
[2024-07-13T11:11:19.864+0000] {logging_mixin.py:151} INFO - [2024-07-13T11:11:19.864+0000] {dag.py:2941} INFO - Sync 1 DAGs
[2024-07-13T11:11:19.881+0000] {logging_mixin.py:151} INFO - [2024-07-13T11:11:19.881+0000] {dag.py:3722} INFO - Setting next_dagrun for etl_reddit_pipeline to 2024-07-13T00:00:00+00:00, run_after=2024-07-14T00:00:00+00:00
[2024-07-13T11:11:19.889+0000] {processor.py:179} INFO - Processing /opt/airflow/dags/reddit_dag.py took 0.421 seconds
[2024-07-13T12:14:12.583+0000] {processor.py:157} INFO - Started process (PID=247) to work on /opt/airflow/dags/reddit_dag.py
[2024-07-13T12:14:12.585+0000] {processor.py:829} INFO - Processing file /opt/airflow/dags/reddit_dag.py for tasks to queue
[2024-07-13T12:14:12.608+0000] {logging_mixin.py:151} INFO - [2024-07-13T12:14:12.607+0000] {dagbag.py:536} INFO - Filling up the DagBag from /opt/airflow/dags/reddit_dag.py
[2024-07-13T12:14:12.953+0000] {processor.py:839} INFO - DAG(s) dict_keys(['etl_reddit_pipeline']) retrieved from /opt/airflow/dags/reddit_dag.py
[2024-07-13T12:14:12.969+0000] {logging_mixin.py:151} INFO - [2024-07-13T12:14:12.968+0000] {dag.py:2941} INFO - Sync 1 DAGs
[2024-07-13T12:14:12.981+0000] {logging_mixin.py:151} INFO - [2024-07-13T12:14:12.980+0000] {dag.py:3722} INFO - Setting next_dagrun for etl_reddit_pipeline to 2024-07-13T00:00:00+00:00, run_after=2024-07-14T00:00:00+00:00
[2024-07-13T12:14:12.989+0000] {processor.py:179} INFO - Processing /opt/airflow/dags/reddit_dag.py took 0.415 seconds
[2024-07-13T13:05:36.982+0000] {processor.py:157} INFO - Started process (PID=249) to work on /opt/airflow/dags/reddit_dag.py
[2024-07-13T13:05:36.985+0000] {processor.py:829} INFO - Processing file /opt/airflow/dags/reddit_dag.py for tasks to queue
[2024-07-13T13:05:36.989+0000] {logging_mixin.py:151} INFO - [2024-07-13T13:05:36.988+0000] {dagbag.py:536} INFO - Filling up the DagBag from /opt/airflow/dags/reddit_dag.py
[2024-07-13T13:05:37.476+0000] {processor.py:839} INFO - DAG(s) dict_keys(['etl_reddit_pipeline']) retrieved from /opt/airflow/dags/reddit_dag.py
[2024-07-13T13:05:37.495+0000] {logging_mixin.py:151} INFO - [2024-07-13T13:05:37.495+0000] {dag.py:2941} INFO - Sync 1 DAGs
[2024-07-13T13:05:37.511+0000] {logging_mixin.py:151} INFO - [2024-07-13T13:05:37.510+0000] {dag.py:3722} INFO - Setting next_dagrun for etl_reddit_pipeline to 2024-07-13T00:00:00+00:00, run_after=2024-07-14T00:00:00+00:00
[2024-07-13T13:05:37.670+0000] {processor.py:179} INFO - Processing /opt/airflow/dags/reddit_dag.py took 0.715 seconds
[2024-07-13T13:39:09.643+0000] {processor.py:157} INFO - Started process (PID=251) to work on /opt/airflow/dags/reddit_dag.py
[2024-07-13T13:39:09.646+0000] {processor.py:829} INFO - Processing file /opt/airflow/dags/reddit_dag.py for tasks to queue
[2024-07-13T13:39:09.652+0000] {logging_mixin.py:151} INFO - [2024-07-13T13:39:09.651+0000] {dagbag.py:536} INFO - Filling up the DagBag from /opt/airflow/dags/reddit_dag.py
[2024-07-13T13:39:10.059+0000] {processor.py:839} INFO - DAG(s) dict_keys(['etl_reddit_pipeline']) retrieved from /opt/airflow/dags/reddit_dag.py
[2024-07-13T13:39:10.099+0000] {logging_mixin.py:151} INFO - [2024-07-13T13:39:10.098+0000] {dag.py:2941} INFO - Sync 1 DAGs
[2024-07-13T13:39:10.243+0000] {logging_mixin.py:151} INFO - [2024-07-13T13:39:10.243+0000] {dag.py:3722} INFO - Setting next_dagrun for etl_reddit_pipeline to 2024-07-13T00:00:00+00:00, run_after=2024-07-14T00:00:00+00:00
[2024-07-13T13:39:10.251+0000] {processor.py:179} INFO - Processing /opt/airflow/dags/reddit_dag.py took 0.618 seconds
[2024-07-13T14:04:50.504+0000] {processor.py:157} INFO - Started process (PID=253) to work on /opt/airflow/dags/reddit_dag.py
[2024-07-13T14:04:50.506+0000] {processor.py:829} INFO - Processing file /opt/airflow/dags/reddit_dag.py for tasks to queue
[2024-07-13T14:04:50.512+0000] {logging_mixin.py:151} INFO - [2024-07-13T14:04:50.512+0000] {dagbag.py:536} INFO - Filling up the DagBag from /opt/airflow/dags/reddit_dag.py
[2024-07-13T14:04:50.922+0000] {processor.py:839} INFO - DAG(s) dict_keys(['etl_reddit_pipeline']) retrieved from /opt/airflow/dags/reddit_dag.py
[2024-07-13T14:04:50.954+0000] {logging_mixin.py:151} INFO - [2024-07-13T14:04:50.954+0000] {dag.py:2941} INFO - Sync 1 DAGs
[2024-07-13T14:04:50.980+0000] {logging_mixin.py:151} INFO - [2024-07-13T14:04:50.980+0000] {dag.py:3722} INFO - Setting next_dagrun for etl_reddit_pipeline to 2024-07-13T00:00:00+00:00, run_after=2024-07-14T00:00:00+00:00
[2024-07-13T14:04:50.991+0000] {processor.py:179} INFO - Processing /opt/airflow/dags/reddit_dag.py took 0.495 seconds
[2024-07-13T14:08:31.625+0000] {processor.py:157} INFO - Started process (PID=255) to work on /opt/airflow/dags/reddit_dag.py
[2024-07-13T14:08:31.639+0000] {processor.py:829} INFO - Processing file /opt/airflow/dags/reddit_dag.py for tasks to queue
[2024-07-13T14:08:31.648+0000] {logging_mixin.py:151} INFO - [2024-07-13T14:08:31.647+0000] {dagbag.py:536} INFO - Filling up the DagBag from /opt/airflow/dags/reddit_dag.py
[2024-07-13T14:08:32.137+0000] {processor.py:839} INFO - DAG(s) dict_keys(['etl_reddit_pipeline']) retrieved from /opt/airflow/dags/reddit_dag.py
[2024-07-13T14:08:32.161+0000] {logging_mixin.py:151} INFO - [2024-07-13T14:08:32.161+0000] {dag.py:2941} INFO - Sync 1 DAGs
[2024-07-13T14:08:32.183+0000] {logging_mixin.py:151} INFO - [2024-07-13T14:08:32.183+0000] {dag.py:3722} INFO - Setting next_dagrun for etl_reddit_pipeline to 2024-07-13T00:00:00+00:00, run_after=2024-07-14T00:00:00+00:00
[2024-07-13T14:08:32.222+0000] {processor.py:179} INFO - Processing /opt/airflow/dags/reddit_dag.py took 0.608 seconds
[2024-07-13T14:33:40.516+0000] {processor.py:157} INFO - Started process (PID=257) to work on /opt/airflow/dags/reddit_dag.py
[2024-07-13T14:33:40.518+0000] {processor.py:829} INFO - Processing file /opt/airflow/dags/reddit_dag.py for tasks to queue
[2024-07-13T14:33:40.522+0000] {logging_mixin.py:151} INFO - [2024-07-13T14:33:40.522+0000] {dagbag.py:536} INFO - Filling up the DagBag from /opt/airflow/dags/reddit_dag.py
[2024-07-13T14:33:40.834+0000] {processor.py:839} INFO - DAG(s) dict_keys(['etl_reddit_pipeline']) retrieved from /opt/airflow/dags/reddit_dag.py
[2024-07-13T14:33:40.850+0000] {logging_mixin.py:151} INFO - [2024-07-13T14:33:40.850+0000] {dag.py:2941} INFO - Sync 1 DAGs
[2024-07-13T14:33:40.862+0000] {logging_mixin.py:151} INFO - [2024-07-13T14:33:40.861+0000] {dag.py:3722} INFO - Setting next_dagrun for etl_reddit_pipeline to 2024-07-13T00:00:00+00:00, run_after=2024-07-14T00:00:00+00:00
[2024-07-13T14:33:40.871+0000] {processor.py:179} INFO - Processing /opt/airflow/dags/reddit_dag.py took 0.363 seconds
[2024-07-13T14:55:00.452+0000] {processor.py:157} INFO - Started process (PID=259) to work on /opt/airflow/dags/reddit_dag.py
[2024-07-13T14:55:00.454+0000] {processor.py:829} INFO - Processing file /opt/airflow/dags/reddit_dag.py for tasks to queue
[2024-07-13T14:55:00.458+0000] {logging_mixin.py:151} INFO - [2024-07-13T14:55:00.457+0000] {dagbag.py:536} INFO - Filling up the DagBag from /opt/airflow/dags/reddit_dag.py
[2024-07-13T14:55:00.805+0000] {processor.py:839} INFO - DAG(s) dict_keys(['etl_reddit_pipeline']) retrieved from /opt/airflow/dags/reddit_dag.py
[2024-07-13T14:55:00.828+0000] {logging_mixin.py:151} INFO - [2024-07-13T14:55:00.827+0000] {dag.py:2941} INFO - Sync 1 DAGs
[2024-07-13T14:55:00.844+0000] {logging_mixin.py:151} INFO - [2024-07-13T14:55:00.844+0000] {dag.py:3722} INFO - Setting next_dagrun for etl_reddit_pipeline to 2024-07-13T00:00:00+00:00, run_after=2024-07-14T00:00:00+00:00
[2024-07-13T14:55:00.855+0000] {processor.py:179} INFO - Processing /opt/airflow/dags/reddit_dag.py took 0.416 seconds
[2024-07-13T14:55:31.262+0000] {processor.py:157} INFO - Started process (PID=261) to work on /opt/airflow/dags/reddit_dag.py
[2024-07-13T14:55:31.264+0000] {processor.py:829} INFO - Processing file /opt/airflow/dags/reddit_dag.py for tasks to queue
[2024-07-13T14:55:31.269+0000] {logging_mixin.py:151} INFO - [2024-07-13T14:55:31.269+0000] {dagbag.py:536} INFO - Filling up the DagBag from /opt/airflow/dags/reddit_dag.py
[2024-07-13T14:55:31.529+0000] {processor.py:839} INFO - DAG(s) dict_keys(['etl_reddit_pipeline']) retrieved from /opt/airflow/dags/reddit_dag.py
[2024-07-13T14:55:31.543+0000] {logging_mixin.py:151} INFO - [2024-07-13T14:55:31.542+0000] {dag.py:2941} INFO - Sync 1 DAGs
[2024-07-13T14:55:31.645+0000] {logging_mixin.py:151} INFO - [2024-07-13T14:55:31.645+0000] {dag.py:3722} INFO - Setting next_dagrun for etl_reddit_pipeline to 2024-07-13T00:00:00+00:00, run_after=2024-07-14T00:00:00+00:00
[2024-07-13T14:55:31.653+0000] {processor.py:179} INFO - Processing /opt/airflow/dags/reddit_dag.py took 0.399 seconds
[2024-07-13T14:56:02.052+0000] {processor.py:157} INFO - Started process (PID=263) to work on /opt/airflow/dags/reddit_dag.py
[2024-07-13T14:56:02.054+0000] {processor.py:829} INFO - Processing file /opt/airflow/dags/reddit_dag.py for tasks to queue
[2024-07-13T14:56:02.060+0000] {logging_mixin.py:151} INFO - [2024-07-13T14:56:02.060+0000] {dagbag.py:536} INFO - Filling up the DagBag from /opt/airflow/dags/reddit_dag.py
[2024-07-13T14:56:02.342+0000] {processor.py:839} INFO - DAG(s) dict_keys(['etl_reddit_pipeline']) retrieved from /opt/airflow/dags/reddit_dag.py
[2024-07-13T14:56:02.357+0000] {logging_mixin.py:151} INFO - [2024-07-13T14:56:02.356+0000] {dag.py:2941} INFO - Sync 1 DAGs
[2024-07-13T14:56:02.434+0000] {logging_mixin.py:151} INFO - [2024-07-13T14:56:02.434+0000] {dag.py:3722} INFO - Setting next_dagrun for etl_reddit_pipeline to 2024-07-13T00:00:00+00:00, run_after=2024-07-14T00:00:00+00:00
[2024-07-13T14:56:02.441+0000] {processor.py:179} INFO - Processing /opt/airflow/dags/reddit_dag.py took 0.398 seconds
[2024-07-13T14:56:32.841+0000] {processor.py:157} INFO - Started process (PID=265) to work on /opt/airflow/dags/reddit_dag.py
[2024-07-13T14:56:32.844+0000] {processor.py:829} INFO - Processing file /opt/airflow/dags/reddit_dag.py for tasks to queue
[2024-07-13T14:56:32.852+0000] {logging_mixin.py:151} INFO - [2024-07-13T14:56:32.851+0000] {dagbag.py:536} INFO - Filling up the DagBag from /opt/airflow/dags/reddit_dag.py
[2024-07-13T14:56:33.192+0000] {processor.py:839} INFO - DAG(s) dict_keys(['etl_reddit_pipeline']) retrieved from /opt/airflow/dags/reddit_dag.py
[2024-07-13T14:56:33.210+0000] {logging_mixin.py:151} INFO - [2024-07-13T14:56:33.210+0000] {dag.py:2941} INFO - Sync 1 DAGs
[2024-07-13T14:56:33.222+0000] {logging_mixin.py:151} INFO - [2024-07-13T14:56:33.222+0000] {dag.py:3722} INFO - Setting next_dagrun for etl_reddit_pipeline to 2024-07-13T00:00:00+00:00, run_after=2024-07-14T00:00:00+00:00
[2024-07-13T14:56:33.230+0000] {processor.py:179} INFO - Processing /opt/airflow/dags/reddit_dag.py took 0.402 seconds
[2024-07-13T14:57:24.865+0000] {processor.py:157} INFO - Started process (PID=267) to work on /opt/airflow/dags/reddit_dag.py
[2024-07-13T14:57:24.866+0000] {processor.py:829} INFO - Processing file /opt/airflow/dags/reddit_dag.py for tasks to queue
[2024-07-13T14:57:24.869+0000] {logging_mixin.py:151} INFO - [2024-07-13T14:57:24.869+0000] {dagbag.py:536} INFO - Filling up the DagBag from /opt/airflow/dags/reddit_dag.py
[2024-07-13T14:57:25.086+0000] {processor.py:839} INFO - DAG(s) dict_keys(['etl_reddit_pipeline']) retrieved from /opt/airflow/dags/reddit_dag.py
[2024-07-13T14:57:25.100+0000] {logging_mixin.py:151} INFO - [2024-07-13T14:57:25.100+0000] {dag.py:2941} INFO - Sync 1 DAGs
[2024-07-13T14:57:25.110+0000] {logging_mixin.py:151} INFO - [2024-07-13T14:57:25.110+0000] {dag.py:3722} INFO - Setting next_dagrun for etl_reddit_pipeline to 2024-07-13T00:00:00+00:00, run_after=2024-07-14T00:00:00+00:00
[2024-07-13T14:57:25.118+0000] {processor.py:179} INFO - Processing /opt/airflow/dags/reddit_dag.py took 0.257 seconds
[2024-07-13T15:02:24.714+0000] {processor.py:157} INFO - Started process (PID=269) to work on /opt/airflow/dags/reddit_dag.py
[2024-07-13T15:02:24.715+0000] {processor.py:829} INFO - Processing file /opt/airflow/dags/reddit_dag.py for tasks to queue
[2024-07-13T15:02:24.717+0000] {logging_mixin.py:151} INFO - [2024-07-13T15:02:24.717+0000] {dagbag.py:536} INFO - Filling up the DagBag from /opt/airflow/dags/reddit_dag.py
[2024-07-13T15:02:25.103+0000] {processor.py:839} INFO - DAG(s) dict_keys(['etl_reddit_pipeline']) retrieved from /opt/airflow/dags/reddit_dag.py
[2024-07-13T15:02:25.124+0000] {logging_mixin.py:151} INFO - [2024-07-13T15:02:25.123+0000] {dag.py:2941} INFO - Sync 1 DAGs
[2024-07-13T15:02:25.138+0000] {logging_mixin.py:151} INFO - [2024-07-13T15:02:25.138+0000] {dag.py:3722} INFO - Setting next_dagrun for etl_reddit_pipeline to 2024-07-13T00:00:00+00:00, run_after=2024-07-14T00:00:00+00:00
[2024-07-13T15:02:25.148+0000] {processor.py:179} INFO - Processing /opt/airflow/dags/reddit_dag.py took 0.439 seconds
[2024-07-13T15:07:31.144+0000] {processor.py:157} INFO - Started process (PID=271) to work on /opt/airflow/dags/reddit_dag.py
[2024-07-13T15:07:31.146+0000] {processor.py:829} INFO - Processing file /opt/airflow/dags/reddit_dag.py for tasks to queue
[2024-07-13T15:07:31.152+0000] {logging_mixin.py:151} INFO - [2024-07-13T15:07:31.152+0000] {dagbag.py:536} INFO - Filling up the DagBag from /opt/airflow/dags/reddit_dag.py
[2024-07-13T15:07:31.505+0000] {processor.py:839} INFO - DAG(s) dict_keys(['etl_reddit_pipeline']) retrieved from /opt/airflow/dags/reddit_dag.py
[2024-07-13T15:07:31.519+0000] {logging_mixin.py:151} INFO - [2024-07-13T15:07:31.519+0000] {dag.py:2941} INFO - Sync 1 DAGs
[2024-07-13T15:07:31.532+0000] {logging_mixin.py:151} INFO - [2024-07-13T15:07:31.532+0000] {dag.py:3722} INFO - Setting next_dagrun for etl_reddit_pipeline to 2024-07-13T00:00:00+00:00, run_after=2024-07-14T00:00:00+00:00
[2024-07-13T15:07:31.633+0000] {processor.py:179} INFO - Processing /opt/airflow/dags/reddit_dag.py took 0.497 seconds
[2024-07-13T15:08:12.572+0000] {processor.py:157} INFO - Started process (PID=273) to work on /opt/airflow/dags/reddit_dag.py
[2024-07-13T15:08:12.574+0000] {processor.py:829} INFO - Processing file /opt/airflow/dags/reddit_dag.py for tasks to queue
[2024-07-13T15:08:12.581+0000] {logging_mixin.py:151} INFO - [2024-07-13T15:08:12.581+0000] {dagbag.py:536} INFO - Filling up the DagBag from /opt/airflow/dags/reddit_dag.py
[2024-07-13T15:08:12.960+0000] {processor.py:839} INFO - DAG(s) dict_keys(['etl_reddit_pipeline']) retrieved from /opt/airflow/dags/reddit_dag.py
[2024-07-13T15:08:12.982+0000] {logging_mixin.py:151} INFO - [2024-07-13T15:08:12.982+0000] {dag.py:2941} INFO - Sync 1 DAGs
[2024-07-13T15:08:13.094+0000] {logging_mixin.py:151} INFO - [2024-07-13T15:08:13.094+0000] {dag.py:3722} INFO - Setting next_dagrun for etl_reddit_pipeline to 2024-07-13T00:00:00+00:00, run_after=2024-07-14T00:00:00+00:00
[2024-07-13T15:08:13.101+0000] {processor.py:179} INFO - Processing /opt/airflow/dags/reddit_dag.py took 0.543 seconds
[2024-07-13T15:08:43.446+0000] {processor.py:157} INFO - Started process (PID=275) to work on /opt/airflow/dags/reddit_dag.py
[2024-07-13T15:08:43.447+0000] {processor.py:829} INFO - Processing file /opt/airflow/dags/reddit_dag.py for tasks to queue
[2024-07-13T15:08:43.451+0000] {logging_mixin.py:151} INFO - [2024-07-13T15:08:43.451+0000] {dagbag.py:536} INFO - Filling up the DagBag from /opt/airflow/dags/reddit_dag.py
[2024-07-13T15:08:43.669+0000] {processor.py:839} INFO - DAG(s) dict_keys(['etl_reddit_pipeline']) retrieved from /opt/airflow/dags/reddit_dag.py
[2024-07-13T15:08:43.680+0000] {logging_mixin.py:151} INFO - [2024-07-13T15:08:43.680+0000] {dag.py:2941} INFO - Sync 1 DAGs
[2024-07-13T15:08:43.690+0000] {logging_mixin.py:151} INFO - [2024-07-13T15:08:43.690+0000] {dag.py:3722} INFO - Setting next_dagrun for etl_reddit_pipeline to 2024-07-13T00:00:00+00:00, run_after=2024-07-14T00:00:00+00:00
[2024-07-13T15:08:43.696+0000] {processor.py:179} INFO - Processing /opt/airflow/dags/reddit_dag.py took 0.254 seconds
[2024-07-13T15:09:13.894+0000] {processor.py:157} INFO - Started process (PID=277) to work on /opt/airflow/dags/reddit_dag.py
[2024-07-13T15:09:13.896+0000] {processor.py:829} INFO - Processing file /opt/airflow/dags/reddit_dag.py for tasks to queue
[2024-07-13T15:09:13.903+0000] {logging_mixin.py:151} INFO - [2024-07-13T15:09:13.902+0000] {dagbag.py:536} INFO - Filling up the DagBag from /opt/airflow/dags/reddit_dag.py
[2024-07-13T15:09:14.265+0000] {processor.py:839} INFO - DAG(s) dict_keys(['etl_reddit_pipeline']) retrieved from /opt/airflow/dags/reddit_dag.py
[2024-07-13T15:09:14.288+0000] {logging_mixin.py:151} INFO - [2024-07-13T15:09:14.288+0000] {dag.py:2941} INFO - Sync 1 DAGs
[2024-07-13T15:09:14.304+0000] {logging_mixin.py:151} INFO - [2024-07-13T15:09:14.304+0000] {dag.py:3722} INFO - Setting next_dagrun for etl_reddit_pipeline to 2024-07-13T00:00:00+00:00, run_after=2024-07-14T00:00:00+00:00
[2024-07-13T15:09:14.315+0000] {processor.py:179} INFO - Processing /opt/airflow/dags/reddit_dag.py took 0.431 seconds
[2024-07-13T15:09:44.411+0000] {processor.py:157} INFO - Started process (PID=279) to work on /opt/airflow/dags/reddit_dag.py
[2024-07-13T15:09:44.413+0000] {processor.py:829} INFO - Processing file /opt/airflow/dags/reddit_dag.py for tasks to queue
[2024-07-13T15:09:44.419+0000] {logging_mixin.py:151} INFO - [2024-07-13T15:09:44.419+0000] {dagbag.py:536} INFO - Filling up the DagBag from /opt/airflow/dags/reddit_dag.py
[2024-07-13T15:09:44.699+0000] {processor.py:839} INFO - DAG(s) dict_keys(['etl_reddit_pipeline']) retrieved from /opt/airflow/dags/reddit_dag.py
[2024-07-13T15:09:44.711+0000] {logging_mixin.py:151} INFO - [2024-07-13T15:09:44.710+0000] {dag.py:2941} INFO - Sync 1 DAGs
[2024-07-13T15:09:44.721+0000] {logging_mixin.py:151} INFO - [2024-07-13T15:09:44.721+0000] {dag.py:3722} INFO - Setting next_dagrun for etl_reddit_pipeline to 2024-07-13T00:00:00+00:00, run_after=2024-07-14T00:00:00+00:00
[2024-07-13T15:09:44.728+0000] {processor.py:179} INFO - Processing /opt/airflow/dags/reddit_dag.py took 0.324 seconds
[2024-07-13T15:20:46.606+0000] {processor.py:157} INFO - Started process (PID=281) to work on /opt/airflow/dags/reddit_dag.py
[2024-07-13T15:20:46.607+0000] {processor.py:829} INFO - Processing file /opt/airflow/dags/reddit_dag.py for tasks to queue
[2024-07-13T15:20:46.610+0000] {logging_mixin.py:151} INFO - [2024-07-13T15:20:46.609+0000] {dagbag.py:536} INFO - Filling up the DagBag from /opt/airflow/dags/reddit_dag.py
[2024-07-13T15:20:46.843+0000] {processor.py:839} INFO - DAG(s) dict_keys(['etl_reddit_pipeline']) retrieved from /opt/airflow/dags/reddit_dag.py
[2024-07-13T15:20:46.865+0000] {logging_mixin.py:151} INFO - [2024-07-13T15:20:46.865+0000] {dag.py:2941} INFO - Sync 1 DAGs
[2024-07-13T15:20:46.878+0000] {logging_mixin.py:151} INFO - [2024-07-13T15:20:46.878+0000] {dag.py:3722} INFO - Setting next_dagrun for etl_reddit_pipeline to 2024-07-13T00:00:00+00:00, run_after=2024-07-14T00:00:00+00:00
[2024-07-13T15:20:46.902+0000] {processor.py:179} INFO - Processing /opt/airflow/dags/reddit_dag.py took 0.299 seconds
[2024-07-13T15:23:08.259+0000] {processor.py:157} INFO - Started process (PID=283) to work on /opt/airflow/dags/reddit_dag.py
[2024-07-13T15:23:08.259+0000] {processor.py:829} INFO - Processing file /opt/airflow/dags/reddit_dag.py for tasks to queue
[2024-07-13T15:23:08.261+0000] {logging_mixin.py:151} INFO - [2024-07-13T15:23:08.261+0000] {dagbag.py:536} INFO - Filling up the DagBag from /opt/airflow/dags/reddit_dag.py
[2024-07-13T15:23:08.575+0000] {processor.py:839} INFO - DAG(s) dict_keys(['etl_reddit_pipeline']) retrieved from /opt/airflow/dags/reddit_dag.py
[2024-07-13T15:23:08.593+0000] {logging_mixin.py:151} INFO - [2024-07-13T15:23:08.592+0000] {dag.py:2941} INFO - Sync 1 DAGs
[2024-07-13T15:23:08.736+0000] {logging_mixin.py:151} INFO - [2024-07-13T15:23:08.736+0000] {dag.py:3722} INFO - Setting next_dagrun for etl_reddit_pipeline to 2024-07-13T00:00:00+00:00, run_after=2024-07-14T00:00:00+00:00
[2024-07-13T15:23:09.062+0000] {processor.py:179} INFO - Processing /opt/airflow/dags/reddit_dag.py took 0.806 seconds
[2024-07-13T15:28:30.322+0000] {processor.py:157} INFO - Started process (PID=285) to work on /opt/airflow/dags/reddit_dag.py
[2024-07-13T15:28:30.324+0000] {processor.py:829} INFO - Processing file /opt/airflow/dags/reddit_dag.py for tasks to queue
[2024-07-13T15:28:30.330+0000] {logging_mixin.py:151} INFO - [2024-07-13T15:28:30.330+0000] {dagbag.py:536} INFO - Filling up the DagBag from /opt/airflow/dags/reddit_dag.py
[2024-07-13T15:28:30.571+0000] {processor.py:839} INFO - DAG(s) dict_keys(['etl_reddit_pipeline']) retrieved from /opt/airflow/dags/reddit_dag.py
[2024-07-13T15:28:30.587+0000] {logging_mixin.py:151} INFO - [2024-07-13T15:28:30.587+0000] {dag.py:2941} INFO - Sync 1 DAGs
[2024-07-13T15:28:30.691+0000] {logging_mixin.py:151} INFO - [2024-07-13T15:28:30.691+0000] {dag.py:3722} INFO - Setting next_dagrun for etl_reddit_pipeline to 2024-07-13T00:00:00+00:00, run_after=2024-07-14T00:00:00+00:00
[2024-07-13T15:28:30.699+0000] {processor.py:179} INFO - Processing /opt/airflow/dags/reddit_dag.py took 0.384 seconds
[2024-07-13T15:34:43.025+0000] {processor.py:157} INFO - Started process (PID=287) to work on /opt/airflow/dags/reddit_dag.py
[2024-07-13T15:34:43.027+0000] {processor.py:829} INFO - Processing file /opt/airflow/dags/reddit_dag.py for tasks to queue
[2024-07-13T15:34:43.038+0000] {logging_mixin.py:151} INFO - [2024-07-13T15:34:43.037+0000] {dagbag.py:536} INFO - Filling up the DagBag from /opt/airflow/dags/reddit_dag.py
[2024-07-13T15:34:43.381+0000] {processor.py:839} INFO - DAG(s) dict_keys(['etl_reddit_pipeline']) retrieved from /opt/airflow/dags/reddit_dag.py
[2024-07-13T15:34:43.422+0000] {logging_mixin.py:151} INFO - [2024-07-13T15:34:43.421+0000] {dag.py:2941} INFO - Sync 1 DAGs
[2024-07-13T15:34:43.439+0000] {logging_mixin.py:151} INFO - [2024-07-13T15:34:43.439+0000] {dag.py:3722} INFO - Setting next_dagrun for etl_reddit_pipeline to 2024-07-13T00:00:00+00:00, run_after=2024-07-14T00:00:00+00:00
[2024-07-13T15:34:43.453+0000] {processor.py:179} INFO - Processing /opt/airflow/dags/reddit_dag.py took 0.447 seconds
[2024-07-13T15:43:07.993+0000] {processor.py:157} INFO - Started process (PID=289) to work on /opt/airflow/dags/reddit_dag.py
[2024-07-13T15:43:07.994+0000] {processor.py:829} INFO - Processing file /opt/airflow/dags/reddit_dag.py for tasks to queue
[2024-07-13T15:43:07.998+0000] {logging_mixin.py:151} INFO - [2024-07-13T15:43:07.998+0000] {dagbag.py:536} INFO - Filling up the DagBag from /opt/airflow/dags/reddit_dag.py
[2024-07-13T15:43:08.268+0000] {processor.py:839} INFO - DAG(s) dict_keys(['etl_reddit_pipeline']) retrieved from /opt/airflow/dags/reddit_dag.py
[2024-07-13T15:43:08.281+0000] {logging_mixin.py:151} INFO - [2024-07-13T15:43:08.281+0000] {dag.py:2941} INFO - Sync 1 DAGs
[2024-07-13T15:43:08.292+0000] {logging_mixin.py:151} INFO - [2024-07-13T15:43:08.292+0000] {dag.py:3722} INFO - Setting next_dagrun for etl_reddit_pipeline to 2024-07-13T00:00:00+00:00, run_after=2024-07-14T00:00:00+00:00
[2024-07-13T15:43:08.299+0000] {processor.py:179} INFO - Processing /opt/airflow/dags/reddit_dag.py took 0.310 seconds
[2024-07-13T15:43:38.404+0000] {processor.py:157} INFO - Started process (PID=291) to work on /opt/airflow/dags/reddit_dag.py
[2024-07-13T15:43:38.406+0000] {processor.py:829} INFO - Processing file /opt/airflow/dags/reddit_dag.py for tasks to queue
[2024-07-13T15:43:38.409+0000] {logging_mixin.py:151} INFO - [2024-07-13T15:43:38.409+0000] {dagbag.py:536} INFO - Filling up the DagBag from /opt/airflow/dags/reddit_dag.py
[2024-07-13T15:43:38.649+0000] {processor.py:839} INFO - DAG(s) dict_keys(['etl_reddit_pipeline']) retrieved from /opt/airflow/dags/reddit_dag.py
[2024-07-13T15:43:38.664+0000] {logging_mixin.py:151} INFO - [2024-07-13T15:43:38.663+0000] {dag.py:2941} INFO - Sync 1 DAGs
[2024-07-13T15:43:38.676+0000] {logging_mixin.py:151} INFO - [2024-07-13T15:43:38.676+0000] {dag.py:3722} INFO - Setting next_dagrun for etl_reddit_pipeline to 2024-07-13T00:00:00+00:00, run_after=2024-07-14T00:00:00+00:00
[2024-07-13T15:43:38.683+0000] {processor.py:179} INFO - Processing /opt/airflow/dags/reddit_dag.py took 0.285 seconds
[2024-07-13T15:44:09.005+0000] {processor.py:157} INFO - Started process (PID=293) to work on /opt/airflow/dags/reddit_dag.py
[2024-07-13T15:44:09.006+0000] {processor.py:829} INFO - Processing file /opt/airflow/dags/reddit_dag.py for tasks to queue
[2024-07-13T15:44:09.012+0000] {logging_mixin.py:151} INFO - [2024-07-13T15:44:09.012+0000] {dagbag.py:536} INFO - Filling up the DagBag from /opt/airflow/dags/reddit_dag.py
[2024-07-13T15:44:09.327+0000] {processor.py:839} INFO - DAG(s) dict_keys(['etl_reddit_pipeline']) retrieved from /opt/airflow/dags/reddit_dag.py
[2024-07-13T15:44:09.343+0000] {logging_mixin.py:151} INFO - [2024-07-13T15:44:09.343+0000] {dag.py:2941} INFO - Sync 1 DAGs
[2024-07-13T15:44:09.356+0000] {logging_mixin.py:151} INFO - [2024-07-13T15:44:09.356+0000] {dag.py:3722} INFO - Setting next_dagrun for etl_reddit_pipeline to 2024-07-13T00:00:00+00:00, run_after=2024-07-14T00:00:00+00:00
[2024-07-13T15:44:09.449+0000] {processor.py:179} INFO - Processing /opt/airflow/dags/reddit_dag.py took 0.451 seconds
[2024-07-13T15:44:39.819+0000] {processor.py:157} INFO - Started process (PID=295) to work on /opt/airflow/dags/reddit_dag.py
[2024-07-13T15:44:39.821+0000] {processor.py:829} INFO - Processing file /opt/airflow/dags/reddit_dag.py for tasks to queue
[2024-07-13T15:44:39.823+0000] {logging_mixin.py:151} INFO - [2024-07-13T15:44:39.823+0000] {dagbag.py:536} INFO - Filling up the DagBag from /opt/airflow/dags/reddit_dag.py
[2024-07-13T15:44:40.071+0000] {processor.py:839} INFO - DAG(s) dict_keys(['etl_reddit_pipeline']) retrieved from /opt/airflow/dags/reddit_dag.py
[2024-07-13T15:44:40.088+0000] {logging_mixin.py:151} INFO - [2024-07-13T15:44:40.088+0000] {dag.py:2941} INFO - Sync 1 DAGs
[2024-07-13T15:44:40.167+0000] {logging_mixin.py:151} INFO - [2024-07-13T15:44:40.167+0000] {dag.py:3722} INFO - Setting next_dagrun for etl_reddit_pipeline to 2024-07-13T00:00:00+00:00, run_after=2024-07-14T00:00:00+00:00
[2024-07-13T15:44:40.174+0000] {processor.py:179} INFO - Processing /opt/airflow/dags/reddit_dag.py took 0.362 seconds
[2024-07-13T15:49:24.499+0000] {processor.py:157} INFO - Started process (PID=297) to work on /opt/airflow/dags/reddit_dag.py
[2024-07-13T15:49:24.501+0000] {processor.py:829} INFO - Processing file /opt/airflow/dags/reddit_dag.py for tasks to queue
[2024-07-13T15:49:24.505+0000] {logging_mixin.py:151} INFO - [2024-07-13T15:49:24.505+0000] {dagbag.py:536} INFO - Filling up the DagBag from /opt/airflow/dags/reddit_dag.py
[2024-07-13T15:49:24.853+0000] {processor.py:839} INFO - DAG(s) dict_keys(['etl_reddit_pipeline']) retrieved from /opt/airflow/dags/reddit_dag.py
[2024-07-13T15:49:24.878+0000] {logging_mixin.py:151} INFO - [2024-07-13T15:49:24.878+0000] {dag.py:2941} INFO - Sync 1 DAGs
[2024-07-13T15:49:25.038+0000] {logging_mixin.py:151} INFO - [2024-07-13T15:49:25.037+0000] {dag.py:3722} INFO - Setting next_dagrun for etl_reddit_pipeline to 2024-07-13T00:00:00+00:00, run_after=2024-07-14T00:00:00+00:00
[2024-07-13T15:49:25.047+0000] {processor.py:179} INFO - Processing /opt/airflow/dags/reddit_dag.py took 0.553 seconds
[2024-07-13T15:54:28.604+0000] {processor.py:157} INFO - Started process (PID=299) to work on /opt/airflow/dags/reddit_dag.py
[2024-07-13T15:54:28.606+0000] {processor.py:829} INFO - Processing file /opt/airflow/dags/reddit_dag.py for tasks to queue
[2024-07-13T15:54:28.610+0000] {logging_mixin.py:151} INFO - [2024-07-13T15:54:28.610+0000] {dagbag.py:536} INFO - Filling up the DagBag from /opt/airflow/dags/reddit_dag.py
[2024-07-13T15:54:28.883+0000] {processor.py:839} INFO - DAG(s) dict_keys(['etl_reddit_pipeline']) retrieved from /opt/airflow/dags/reddit_dag.py
[2024-07-13T15:54:28.899+0000] {logging_mixin.py:151} INFO - [2024-07-13T15:54:28.898+0000] {dag.py:2941} INFO - Sync 1 DAGs
[2024-07-13T15:54:28.911+0000] {logging_mixin.py:151} INFO - [2024-07-13T15:54:28.910+0000] {dag.py:3722} INFO - Setting next_dagrun for etl_reddit_pipeline to 2024-07-13T00:00:00+00:00, run_after=2024-07-14T00:00:00+00:00
[2024-07-13T15:54:28.919+0000] {processor.py:179} INFO - Processing /opt/airflow/dags/reddit_dag.py took 0.326 seconds
[2024-07-13T15:54:58.976+0000] {processor.py:157} INFO - Started process (PID=301) to work on /opt/airflow/dags/reddit_dag.py
[2024-07-13T15:54:58.978+0000] {processor.py:829} INFO - Processing file /opt/airflow/dags/reddit_dag.py for tasks to queue
[2024-07-13T15:54:58.981+0000] {logging_mixin.py:151} INFO - [2024-07-13T15:54:58.980+0000] {dagbag.py:536} INFO - Filling up the DagBag from /opt/airflow/dags/reddit_dag.py
[2024-07-13T15:54:59.209+0000] {processor.py:839} INFO - DAG(s) dict_keys(['etl_reddit_pipeline']) retrieved from /opt/airflow/dags/reddit_dag.py
[2024-07-13T15:54:59.224+0000] {logging_mixin.py:151} INFO - [2024-07-13T15:54:59.224+0000] {dag.py:2941} INFO - Sync 1 DAGs
[2024-07-13T15:54:59.235+0000] {logging_mixin.py:151} INFO - [2024-07-13T15:54:59.235+0000] {dag.py:3722} INFO - Setting next_dagrun for etl_reddit_pipeline to 2024-07-13T00:00:00+00:00, run_after=2024-07-14T00:00:00+00:00
[2024-07-13T15:54:59.243+0000] {processor.py:179} INFO - Processing /opt/airflow/dags/reddit_dag.py took 0.272 seconds
[2024-07-13T15:55:29.413+0000] {processor.py:157} INFO - Started process (PID=303) to work on /opt/airflow/dags/reddit_dag.py
[2024-07-13T15:55:29.415+0000] {processor.py:829} INFO - Processing file /opt/airflow/dags/reddit_dag.py for tasks to queue
[2024-07-13T15:55:29.420+0000] {logging_mixin.py:151} INFO - [2024-07-13T15:55:29.419+0000] {dagbag.py:536} INFO - Filling up the DagBag from /opt/airflow/dags/reddit_dag.py
[2024-07-13T15:55:29.682+0000] {processor.py:839} INFO - DAG(s) dict_keys(['etl_reddit_pipeline']) retrieved from /opt/airflow/dags/reddit_dag.py
[2024-07-13T15:55:29.695+0000] {logging_mixin.py:151} INFO - [2024-07-13T15:55:29.695+0000] {dag.py:2941} INFO - Sync 1 DAGs
[2024-07-13T15:55:29.707+0000] {logging_mixin.py:151} INFO - [2024-07-13T15:55:29.707+0000] {dag.py:3722} INFO - Setting next_dagrun for etl_reddit_pipeline to 2024-07-13T00:00:00+00:00, run_after=2024-07-14T00:00:00+00:00
[2024-07-13T15:55:29.715+0000] {processor.py:179} INFO - Processing /opt/airflow/dags/reddit_dag.py took 0.311 seconds
[2024-07-13T15:56:00.071+0000] {processor.py:157} INFO - Started process (PID=305) to work on /opt/airflow/dags/reddit_dag.py
[2024-07-13T15:56:00.072+0000] {processor.py:829} INFO - Processing file /opt/airflow/dags/reddit_dag.py for tasks to queue
[2024-07-13T15:56:00.074+0000] {logging_mixin.py:151} INFO - [2024-07-13T15:56:00.074+0000] {dagbag.py:536} INFO - Filling up the DagBag from /opt/airflow/dags/reddit_dag.py
[2024-07-13T15:56:00.298+0000] {processor.py:839} INFO - DAG(s) dict_keys(['etl_reddit_pipeline']) retrieved from /opt/airflow/dags/reddit_dag.py
[2024-07-13T15:56:00.313+0000] {logging_mixin.py:151} INFO - [2024-07-13T15:56:00.313+0000] {dag.py:2941} INFO - Sync 1 DAGs
[2024-07-13T15:56:00.403+0000] {logging_mixin.py:151} INFO - [2024-07-13T15:56:00.403+0000] {dag.py:3722} INFO - Setting next_dagrun for etl_reddit_pipeline to 2024-07-13T00:00:00+00:00, run_after=2024-07-14T00:00:00+00:00
[2024-07-13T15:56:00.411+0000] {processor.py:179} INFO - Processing /opt/airflow/dags/reddit_dag.py took 0.344 seconds
[2024-07-13T16:00:01.515+0000] {processor.py:157} INFO - Started process (PID=307) to work on /opt/airflow/dags/reddit_dag.py
[2024-07-13T16:00:01.516+0000] {processor.py:829} INFO - Processing file /opt/airflow/dags/reddit_dag.py for tasks to queue
[2024-07-13T16:00:01.518+0000] {logging_mixin.py:151} INFO - [2024-07-13T16:00:01.518+0000] {dagbag.py:536} INFO - Filling up the DagBag from /opt/airflow/dags/reddit_dag.py
[2024-07-13T16:00:01.889+0000] {processor.py:839} INFO - DAG(s) dict_keys(['etl_reddit_pipeline']) retrieved from /opt/airflow/dags/reddit_dag.py
[2024-07-13T16:00:01.907+0000] {logging_mixin.py:151} INFO - [2024-07-13T16:00:01.907+0000] {dag.py:2941} INFO - Sync 1 DAGs
[2024-07-13T16:00:02.026+0000] {logging_mixin.py:151} INFO - [2024-07-13T16:00:02.026+0000] {dag.py:3722} INFO - Setting next_dagrun for etl_reddit_pipeline to 2024-07-13T00:00:00+00:00, run_after=2024-07-14T00:00:00+00:00
[2024-07-13T16:00:02.036+0000] {processor.py:179} INFO - Processing /opt/airflow/dags/reddit_dag.py took 0.524 seconds
[2024-07-13T16:00:32.318+0000] {processor.py:157} INFO - Started process (PID=309) to work on /opt/airflow/dags/reddit_dag.py
[2024-07-13T16:00:32.322+0000] {processor.py:829} INFO - Processing file /opt/airflow/dags/reddit_dag.py for tasks to queue
[2024-07-13T16:00:32.332+0000] {logging_mixin.py:151} INFO - [2024-07-13T16:00:32.331+0000] {dagbag.py:536} INFO - Filling up the DagBag from /opt/airflow/dags/reddit_dag.py
[2024-07-13T16:00:32.712+0000] {processor.py:839} INFO - DAG(s) dict_keys(['etl_reddit_pipeline']) retrieved from /opt/airflow/dags/reddit_dag.py
[2024-07-13T16:00:32.734+0000] {logging_mixin.py:151} INFO - [2024-07-13T16:00:32.733+0000] {dag.py:2941} INFO - Sync 1 DAGs
[2024-07-13T16:00:32.748+0000] {logging_mixin.py:151} INFO - [2024-07-13T16:00:32.748+0000] {dag.py:3722} INFO - Setting next_dagrun for etl_reddit_pipeline to 2024-07-13T00:00:00+00:00, run_after=2024-07-14T00:00:00+00:00
[2024-07-13T16:00:32.757+0000] {processor.py:179} INFO - Processing /opt/airflow/dags/reddit_dag.py took 0.454 seconds
[2024-07-13T16:01:02.831+0000] {processor.py:157} INFO - Started process (PID=311) to work on /opt/airflow/dags/reddit_dag.py
[2024-07-13T16:01:02.832+0000] {processor.py:829} INFO - Processing file /opt/airflow/dags/reddit_dag.py for tasks to queue
[2024-07-13T16:01:02.835+0000] {logging_mixin.py:151} INFO - [2024-07-13T16:01:02.835+0000] {dagbag.py:536} INFO - Filling up the DagBag from /opt/airflow/dags/reddit_dag.py
[2024-07-13T16:01:03.042+0000] {processor.py:839} INFO - DAG(s) dict_keys(['etl_reddit_pipeline']) retrieved from /opt/airflow/dags/reddit_dag.py
[2024-07-13T16:01:03.058+0000] {logging_mixin.py:151} INFO - [2024-07-13T16:01:03.057+0000] {dag.py:2941} INFO - Sync 1 DAGs
[2024-07-13T16:01:03.071+0000] {logging_mixin.py:151} INFO - [2024-07-13T16:01:03.071+0000] {dag.py:3722} INFO - Setting next_dagrun for etl_reddit_pipeline to 2024-07-13T00:00:00+00:00, run_after=2024-07-14T00:00:00+00:00
[2024-07-13T16:01:03.080+0000] {processor.py:179} INFO - Processing /opt/airflow/dags/reddit_dag.py took 0.255 seconds
[2024-07-13T16:01:33.425+0000] {processor.py:157} INFO - Started process (PID=313) to work on /opt/airflow/dags/reddit_dag.py
[2024-07-13T16:01:33.426+0000] {processor.py:829} INFO - Processing file /opt/airflow/dags/reddit_dag.py for tasks to queue
[2024-07-13T16:01:33.428+0000] {logging_mixin.py:151} INFO - [2024-07-13T16:01:33.428+0000] {dagbag.py:536} INFO - Filling up the DagBag from /opt/airflow/dags/reddit_dag.py
[2024-07-13T16:01:33.638+0000] {processor.py:839} INFO - DAG(s) dict_keys(['etl_reddit_pipeline']) retrieved from /opt/airflow/dags/reddit_dag.py
[2024-07-13T16:01:33.649+0000] {logging_mixin.py:151} INFO - [2024-07-13T16:01:33.649+0000] {dag.py:2941} INFO - Sync 1 DAGs
[2024-07-13T16:01:33.663+0000] {logging_mixin.py:151} INFO - [2024-07-13T16:01:33.663+0000] {dag.py:3722} INFO - Setting next_dagrun for etl_reddit_pipeline to 2024-07-13T00:00:00+00:00, run_after=2024-07-14T00:00:00+00:00
[2024-07-13T16:01:33.672+0000] {processor.py:179} INFO - Processing /opt/airflow/dags/reddit_dag.py took 0.251 seconds
[2024-07-13T16:02:03.860+0000] {processor.py:157} INFO - Started process (PID=315) to work on /opt/airflow/dags/reddit_dag.py
[2024-07-13T16:02:03.862+0000] {processor.py:829} INFO - Processing file /opt/airflow/dags/reddit_dag.py for tasks to queue
[2024-07-13T16:02:03.868+0000] {logging_mixin.py:151} INFO - [2024-07-13T16:02:03.867+0000] {dagbag.py:536} INFO - Filling up the DagBag from /opt/airflow/dags/reddit_dag.py
[2024-07-13T16:02:04.227+0000] {processor.py:839} INFO - DAG(s) dict_keys(['etl_reddit_pipeline']) retrieved from /opt/airflow/dags/reddit_dag.py
[2024-07-13T16:02:04.246+0000] {logging_mixin.py:151} INFO - [2024-07-13T16:02:04.246+0000] {dag.py:2941} INFO - Sync 1 DAGs
[2024-07-13T16:02:04.263+0000] {logging_mixin.py:151} INFO - [2024-07-13T16:02:04.263+0000] {dag.py:3722} INFO - Setting next_dagrun for etl_reddit_pipeline to 2024-07-13T00:00:00+00:00, run_after=2024-07-14T00:00:00+00:00
[2024-07-13T16:02:04.383+0000] {processor.py:179} INFO - Processing /opt/airflow/dags/reddit_dag.py took 0.536 seconds
[2024-07-13T16:13:32.687+0000] {processor.py:157} INFO - Started process (PID=317) to work on /opt/airflow/dags/reddit_dag.py
[2024-07-13T16:13:32.689+0000] {processor.py:829} INFO - Processing file /opt/airflow/dags/reddit_dag.py for tasks to queue
[2024-07-13T16:13:32.693+0000] {logging_mixin.py:151} INFO - [2024-07-13T16:13:32.693+0000] {dagbag.py:536} INFO - Filling up the DagBag from /opt/airflow/dags/reddit_dag.py
[2024-07-13T16:13:33.095+0000] {processor.py:839} INFO - DAG(s) dict_keys(['etl_reddit_pipeline']) retrieved from /opt/airflow/dags/reddit_dag.py
[2024-07-13T16:13:33.147+0000] {logging_mixin.py:151} INFO - [2024-07-13T16:13:33.146+0000] {dag.py:2941} INFO - Sync 1 DAGs
[2024-07-13T16:13:33.341+0000] {logging_mixin.py:151} INFO - [2024-07-13T16:13:33.341+0000] {dag.py:3722} INFO - Setting next_dagrun for etl_reddit_pipeline to 2024-07-13T00:00:00+00:00, run_after=2024-07-14T00:00:00+00:00
[2024-07-13T16:13:33.350+0000] {processor.py:179} INFO - Processing /opt/airflow/dags/reddit_dag.py took 0.669 seconds
[2024-07-13T16:14:03.721+0000] {processor.py:157} INFO - Started process (PID=319) to work on /opt/airflow/dags/reddit_dag.py
[2024-07-13T16:14:03.723+0000] {processor.py:829} INFO - Processing file /opt/airflow/dags/reddit_dag.py for tasks to queue
[2024-07-13T16:14:03.725+0000] {logging_mixin.py:151} INFO - [2024-07-13T16:14:03.725+0000] {dagbag.py:536} INFO - Filling up the DagBag from /opt/airflow/dags/reddit_dag.py
[2024-07-13T16:14:03.953+0000] {processor.py:839} INFO - DAG(s) dict_keys(['etl_reddit_pipeline']) retrieved from /opt/airflow/dags/reddit_dag.py
[2024-07-13T16:14:03.964+0000] {logging_mixin.py:151} INFO - [2024-07-13T16:14:03.964+0000] {dag.py:2941} INFO - Sync 1 DAGs
[2024-07-13T16:14:04.035+0000] {logging_mixin.py:151} INFO - [2024-07-13T16:14:04.035+0000] {dag.py:3722} INFO - Setting next_dagrun for etl_reddit_pipeline to 2024-07-13T00:00:00+00:00, run_after=2024-07-14T00:00:00+00:00
[2024-07-13T16:14:04.042+0000] {processor.py:179} INFO - Processing /opt/airflow/dags/reddit_dag.py took 0.325 seconds
[2024-07-13T16:32:22.978+0000] {processor.py:157} INFO - Started process (PID=321) to work on /opt/airflow/dags/reddit_dag.py
[2024-07-13T16:32:22.979+0000] {processor.py:829} INFO - Processing file /opt/airflow/dags/reddit_dag.py for tasks to queue
[2024-07-13T16:32:22.981+0000] {logging_mixin.py:151} INFO - [2024-07-13T16:32:22.981+0000] {dagbag.py:536} INFO - Filling up the DagBag from /opt/airflow/dags/reddit_dag.py
[2024-07-13T16:32:23.252+0000] {processor.py:839} INFO - DAG(s) dict_keys(['etl_reddit_pipeline']) retrieved from /opt/airflow/dags/reddit_dag.py
[2024-07-13T16:32:23.265+0000] {logging_mixin.py:151} INFO - [2024-07-13T16:32:23.265+0000] {dag.py:2941} INFO - Sync 1 DAGs
[2024-07-13T16:32:23.275+0000] {logging_mixin.py:151} INFO - [2024-07-13T16:32:23.275+0000] {dag.py:3722} INFO - Setting next_dagrun for etl_reddit_pipeline to 2024-07-13T00:00:00+00:00, run_after=2024-07-14T00:00:00+00:00
[2024-07-13T16:32:23.282+0000] {processor.py:179} INFO - Processing /opt/airflow/dags/reddit_dag.py took 0.308 seconds
[2024-07-13T17:54:07.813+0000] {processor.py:157} INFO - Started process (PID=323) to work on /opt/airflow/dags/reddit_dag.py
[2024-07-13T17:54:07.825+0000] {processor.py:829} INFO - Processing file /opt/airflow/dags/reddit_dag.py for tasks to queue
[2024-07-13T17:54:07.835+0000] {logging_mixin.py:151} INFO - [2024-07-13T17:54:07.833+0000] {dagbag.py:536} INFO - Filling up the DagBag from /opt/airflow/dags/reddit_dag.py
[2024-07-13T17:54:08.315+0000] {processor.py:839} INFO - DAG(s) dict_keys(['etl_reddit_pipeline']) retrieved from /opt/airflow/dags/reddit_dag.py
[2024-07-13T17:54:08.338+0000] {logging_mixin.py:151} INFO - [2024-07-13T17:54:08.338+0000] {dag.py:2941} INFO - Sync 1 DAGs
[2024-07-13T17:54:08.352+0000] {logging_mixin.py:151} INFO - [2024-07-13T17:54:08.352+0000] {dag.py:3722} INFO - Setting next_dagrun for etl_reddit_pipeline to 2024-07-13T00:00:00+00:00, run_after=2024-07-14T00:00:00+00:00
[2024-07-13T17:54:08.363+0000] {processor.py:179} INFO - Processing /opt/airflow/dags/reddit_dag.py took 0.562 seconds
[2024-07-13T19:34:54.520+0000] {processor.py:157} INFO - Started process (PID=325) to work on /opt/airflow/dags/reddit_dag.py
[2024-07-13T19:34:54.523+0000] {processor.py:829} INFO - Processing file /opt/airflow/dags/reddit_dag.py for tasks to queue
[2024-07-13T19:34:54.535+0000] {logging_mixin.py:151} INFO - [2024-07-13T19:34:54.534+0000] {dagbag.py:536} INFO - Filling up the DagBag from /opt/airflow/dags/reddit_dag.py
[2024-07-13T19:34:54.996+0000] {processor.py:839} INFO - DAG(s) dict_keys(['etl_reddit_pipeline']) retrieved from /opt/airflow/dags/reddit_dag.py
[2024-07-13T19:34:55.016+0000] {logging_mixin.py:151} INFO - [2024-07-13T19:34:55.016+0000] {dag.py:2941} INFO - Sync 1 DAGs
[2024-07-13T19:34:55.031+0000] {logging_mixin.py:151} INFO - [2024-07-13T19:34:55.031+0000] {dag.py:3722} INFO - Setting next_dagrun for etl_reddit_pipeline to 2024-07-13T00:00:00+00:00, run_after=2024-07-14T00:00:00+00:00
[2024-07-13T19:34:55.042+0000] {processor.py:179} INFO - Processing /opt/airflow/dags/reddit_dag.py took 0.530 seconds
[2024-07-13T20:44:31.878+0000] {processor.py:157} INFO - Started process (PID=327) to work on /opt/airflow/dags/reddit_dag.py
[2024-07-13T20:44:31.880+0000] {processor.py:829} INFO - Processing file /opt/airflow/dags/reddit_dag.py for tasks to queue
[2024-07-13T20:44:31.884+0000] {logging_mixin.py:151} INFO - [2024-07-13T20:44:31.884+0000] {dagbag.py:536} INFO - Filling up the DagBag from /opt/airflow/dags/reddit_dag.py
[2024-07-13T20:44:32.150+0000] {processor.py:839} INFO - DAG(s) dict_keys(['etl_reddit_pipeline']) retrieved from /opt/airflow/dags/reddit_dag.py
[2024-07-13T20:44:32.168+0000] {logging_mixin.py:151} INFO - [2024-07-13T20:44:32.168+0000] {dag.py:2941} INFO - Sync 1 DAGs
[2024-07-13T20:44:32.278+0000] {logging_mixin.py:151} INFO - [2024-07-13T20:44:32.277+0000] {dag.py:3722} INFO - Setting next_dagrun for etl_reddit_pipeline to 2024-07-13T00:00:00+00:00, run_after=2024-07-14T00:00:00+00:00
[2024-07-13T20:44:32.285+0000] {processor.py:179} INFO - Processing /opt/airflow/dags/reddit_dag.py took 0.414 seconds
[2024-07-13T22:23:43.984+0000] {processor.py:157} INFO - Started process (PID=329) to work on /opt/airflow/dags/reddit_dag.py
[2024-07-13T22:23:43.986+0000] {processor.py:829} INFO - Processing file /opt/airflow/dags/reddit_dag.py for tasks to queue
[2024-07-13T22:23:43.995+0000] {logging_mixin.py:151} INFO - [2024-07-13T22:23:43.995+0000] {dagbag.py:536} INFO - Filling up the DagBag from /opt/airflow/dags/reddit_dag.py
[2024-07-13T22:23:44.520+0000] {processor.py:839} INFO - DAG(s) dict_keys(['etl_reddit_pipeline']) retrieved from /opt/airflow/dags/reddit_dag.py
[2024-07-13T22:23:44.536+0000] {logging_mixin.py:151} INFO - [2024-07-13T22:23:44.535+0000] {dag.py:2941} INFO - Sync 1 DAGs
[2024-07-13T22:23:44.677+0000] {logging_mixin.py:151} INFO - [2024-07-13T22:23:44.677+0000] {dag.py:3722} INFO - Setting next_dagrun for etl_reddit_pipeline to 2024-07-13T00:00:00+00:00, run_after=2024-07-14T00:00:00+00:00
[2024-07-13T22:23:44.687+0000] {processor.py:179} INFO - Processing /opt/airflow/dags/reddit_dag.py took 0.714 seconds
[2024-07-13T23:48:03.502+0000] {processor.py:157} INFO - Started process (PID=331) to work on /opt/airflow/dags/reddit_dag.py
[2024-07-13T23:48:03.503+0000] {processor.py:829} INFO - Processing file /opt/airflow/dags/reddit_dag.py for tasks to queue
[2024-07-13T23:48:03.509+0000] {logging_mixin.py:151} INFO - [2024-07-13T23:48:03.509+0000] {dagbag.py:536} INFO - Filling up the DagBag from /opt/airflow/dags/reddit_dag.py
[2024-07-13T23:48:03.873+0000] {processor.py:839} INFO - DAG(s) dict_keys(['etl_reddit_pipeline']) retrieved from /opt/airflow/dags/reddit_dag.py
[2024-07-13T23:48:03.910+0000] {logging_mixin.py:151} INFO - [2024-07-13T23:48:03.910+0000] {dag.py:2941} INFO - Sync 1 DAGs
[2024-07-13T23:48:03.926+0000] {logging_mixin.py:151} INFO - [2024-07-13T23:48:03.926+0000] {dag.py:3722} INFO - Setting next_dagrun for etl_reddit_pipeline to 2024-07-13T00:00:00+00:00, run_after=2024-07-14T00:00:00+00:00
[2024-07-13T23:48:03.936+0000] {processor.py:179} INFO - Processing /opt/airflow/dags/reddit_dag.py took 0.442 seconds
