[2024-07-12T18:31:24.206+0000] {taskinstance.py:1159} INFO - Dependencies all met for dep_context=non-requeueable deps ti=<TaskInstance: etl_reddit_pipeline.reddit_extract scheduled__2024-07-11T00:00:00+00:00 [queued]>
[2024-07-12T18:31:24.209+0000] {taskinstance.py:1159} INFO - Dependencies all met for dep_context=requeueable deps ti=<TaskInstance: etl_reddit_pipeline.reddit_extract scheduled__2024-07-11T00:00:00+00:00 [queued]>
[2024-07-12T18:31:24.209+0000] {taskinstance.py:1361} INFO - Starting attempt 1 of 1
[2024-07-12T18:31:24.214+0000] {taskinstance.py:1382} INFO - Executing <Task(PythonOperator): reddit_extract> on 2024-07-11 00:00:00+00:00
[2024-07-12T18:31:24.217+0000] {standard_task_runner.py:57} INFO - Started process 52 to run task
[2024-07-12T18:31:24.220+0000] {standard_task_runner.py:84} INFO - Running: ['airflow', 'tasks', 'run', 'etl_reddit_pipeline', 'reddit_extract', 'scheduled__2024-07-11T00:00:00+00:00', '--job-id', '23', '--raw', '--subdir', 'DAGS_FOLDER/reddit_dag.py', '--cfg-path', '/tmp/tmp4mbh1yb3']
[2024-07-12T18:31:24.221+0000] {standard_task_runner.py:85} INFO - Job 23: Subtask reddit_extract
[2024-07-12T18:31:24.247+0000] {task_command.py:416} INFO - Running <TaskInstance: etl_reddit_pipeline.reddit_extract scheduled__2024-07-11T00:00:00+00:00 [running]> on host d7a6ef074cc8
[2024-07-12T18:31:24.283+0000] {taskinstance.py:1662} INFO - Exporting env vars: AIRFLOW_CTX_DAG_OWNER='Akram Ibrahim' AIRFLOW_CTX_DAG_ID='etl_reddit_pipeline' AIRFLOW_CTX_TASK_ID='reddit_extract' AIRFLOW_CTX_EXECUTION_DATE='2024-07-11T00:00:00+00:00' AIRFLOW_CTX_TRY_NUMBER='1' AIRFLOW_CTX_DAG_RUN_ID='scheduled__2024-07-11T00:00:00+00:00'
[2024-07-12T18:31:24.391+0000] {logging_mixin.py:151} INFO - Connected to Reddit instance
[2024-07-12T18:31:24.918+0000] {python.py:194} INFO - Done. Returned value was: /opt/airflow/data/output/reddit_20240712.csv
[2024-07-12T18:31:24.935+0000] {taskinstance.py:1400} INFO - Marking task as SUCCESS. dag_id=etl_reddit_pipeline, task_id=reddit_extract, execution_date=20240711T000000, start_date=20240712T183124, end_date=20240712T183124
[2024-07-12T18:31:24.952+0000] {local_task_job_runner.py:228} INFO - Task exited with return code 0
[2024-07-12T18:31:24.965+0000] {taskinstance.py:2778} INFO - 1 downstream tasks scheduled from follow-on schedule check
[2024-07-12T18:34:57.862+0000] {taskinstance.py:1159} INFO - Dependencies all met for dep_context=non-requeueable deps ti=<TaskInstance: etl_reddit_pipeline.reddit_extract scheduled__2024-07-11T00:00:00+00:00 [queued]>
[2024-07-12T18:34:57.866+0000] {taskinstance.py:1159} INFO - Dependencies all met for dep_context=requeueable deps ti=<TaskInstance: etl_reddit_pipeline.reddit_extract scheduled__2024-07-11T00:00:00+00:00 [queued]>
[2024-07-12T18:34:57.866+0000] {taskinstance.py:1361} INFO - Starting attempt 1 of 1
[2024-07-12T18:34:57.871+0000] {taskinstance.py:1382} INFO - Executing <Task(PythonOperator): reddit_extract> on 2024-07-11 00:00:00+00:00
[2024-07-12T18:34:57.873+0000] {standard_task_runner.py:57} INFO - Started process 52 to run task
[2024-07-12T18:34:57.876+0000] {standard_task_runner.py:84} INFO - Running: ['airflow', 'tasks', 'run', 'etl_reddit_pipeline', 'reddit_extract', 'scheduled__2024-07-11T00:00:00+00:00', '--job-id', '2', '--raw', '--subdir', 'DAGS_FOLDER/reddit_dag.py', '--cfg-path', '/tmp/tmp0ddc78d3']
[2024-07-12T18:34:57.877+0000] {standard_task_runner.py:85} INFO - Job 2: Subtask reddit_extract
[2024-07-12T18:34:57.898+0000] {task_command.py:416} INFO - Running <TaskInstance: etl_reddit_pipeline.reddit_extract scheduled__2024-07-11T00:00:00+00:00 [running]> on host 0b36f00089aa
[2024-07-12T18:34:57.938+0000] {taskinstance.py:1662} INFO - Exporting env vars: AIRFLOW_CTX_DAG_OWNER='Akram Ibrahim' AIRFLOW_CTX_DAG_ID='etl_reddit_pipeline' AIRFLOW_CTX_TASK_ID='reddit_extract' AIRFLOW_CTX_EXECUTION_DATE='2024-07-11T00:00:00+00:00' AIRFLOW_CTX_TRY_NUMBER='1' AIRFLOW_CTX_DAG_RUN_ID='scheduled__2024-07-11T00:00:00+00:00'
[2024-07-12T18:34:58.036+0000] {logging_mixin.py:151} INFO - Connected to Reddit instance
[2024-07-12T18:35:02.461+0000] {python.py:194} INFO - Done. Returned value was: /opt/airflow/data/output/reddit_20240712.csv
[2024-07-12T18:35:02.481+0000] {taskinstance.py:1400} INFO - Marking task as SUCCESS. dag_id=etl_reddit_pipeline, task_id=reddit_extract, execution_date=20240711T000000, start_date=20240712T183457, end_date=20240712T183502
[2024-07-12T18:35:02.513+0000] {local_task_job_runner.py:228} INFO - Task exited with return code 0
[2024-07-12T18:35:02.526+0000] {taskinstance.py:2778} INFO - 1 downstream tasks scheduled from follow-on schedule check
[2024-07-12T18:51:38.797+0000] {taskinstance.py:1159} INFO - Dependencies all met for dep_context=non-requeueable deps ti=<TaskInstance: etl_reddit_pipeline.reddit_extract scheduled__2024-07-11T00:00:00+00:00 [queued]>
[2024-07-12T18:51:38.801+0000] {taskinstance.py:1159} INFO - Dependencies all met for dep_context=requeueable deps ti=<TaskInstance: etl_reddit_pipeline.reddit_extract scheduled__2024-07-11T00:00:00+00:00 [queued]>
[2024-07-12T18:51:38.801+0000] {taskinstance.py:1361} INFO - Starting attempt 1 of 1
[2024-07-12T18:51:38.805+0000] {taskinstance.py:1382} INFO - Executing <Task(PythonOperator): reddit_extract> on 2024-07-11 00:00:00+00:00
[2024-07-12T18:51:38.808+0000] {standard_task_runner.py:57} INFO - Started process 54 to run task
[2024-07-12T18:51:38.810+0000] {standard_task_runner.py:84} INFO - Running: ['airflow', 'tasks', 'run', 'etl_reddit_pipeline', 'reddit_extract', 'scheduled__2024-07-11T00:00:00+00:00', '--job-id', '3', '--raw', '--subdir', 'DAGS_FOLDER/reddit_dag.py', '--cfg-path', '/tmp/tmposw1lmzr']
[2024-07-12T18:51:38.812+0000] {standard_task_runner.py:85} INFO - Job 3: Subtask reddit_extract
[2024-07-12T18:51:38.837+0000] {task_command.py:416} INFO - Running <TaskInstance: etl_reddit_pipeline.reddit_extract scheduled__2024-07-11T00:00:00+00:00 [running]> on host a6a45b354d90
[2024-07-12T18:51:38.875+0000] {taskinstance.py:1662} INFO - Exporting env vars: AIRFLOW_CTX_DAG_OWNER='Akram Ibrahim' AIRFLOW_CTX_DAG_ID='etl_reddit_pipeline' AIRFLOW_CTX_TASK_ID='reddit_extract' AIRFLOW_CTX_EXECUTION_DATE='2024-07-11T00:00:00+00:00' AIRFLOW_CTX_TRY_NUMBER='1' AIRFLOW_CTX_DAG_RUN_ID='scheduled__2024-07-11T00:00:00+00:00'
[2024-07-12T18:51:38.994+0000] {logging_mixin.py:151} INFO - Connected to Reddit instance
[2024-07-12T18:51:39.589+0000] {python.py:194} INFO - Done. Returned value was: /opt/airflow/data/output/reddit_20240712.csv
[2024-07-12T18:51:39.604+0000] {taskinstance.py:1400} INFO - Marking task as SUCCESS. dag_id=etl_reddit_pipeline, task_id=reddit_extract, execution_date=20240711T000000, start_date=20240712T185138, end_date=20240712T185139
[2024-07-12T18:51:39.625+0000] {local_task_job_runner.py:228} INFO - Task exited with return code 0
[2024-07-12T18:51:39.636+0000] {taskinstance.py:2778} INFO - 1 downstream tasks scheduled from follow-on schedule check
[2024-07-12T19:03:19.685+0000] {taskinstance.py:1159} INFO - Dependencies all met for dep_context=non-requeueable deps ti=<TaskInstance: etl_reddit_pipeline.reddit_extract scheduled__2024-07-11T00:00:00+00:00 [queued]>
[2024-07-12T19:03:19.689+0000] {taskinstance.py:1159} INFO - Dependencies all met for dep_context=requeueable deps ti=<TaskInstance: etl_reddit_pipeline.reddit_extract scheduled__2024-07-11T00:00:00+00:00 [queued]>
[2024-07-12T19:03:19.689+0000] {taskinstance.py:1361} INFO - Starting attempt 1 of 1
[2024-07-12T19:03:19.694+0000] {taskinstance.py:1382} INFO - Executing <Task(PythonOperator): reddit_extract> on 2024-07-11 00:00:00+00:00
[2024-07-12T19:03:19.697+0000] {standard_task_runner.py:57} INFO - Started process 51 to run task
[2024-07-12T19:03:19.699+0000] {standard_task_runner.py:84} INFO - Running: ['airflow', 'tasks', 'run', 'etl_reddit_pipeline', 'reddit_extract', 'scheduled__2024-07-11T00:00:00+00:00', '--job-id', '2', '--raw', '--subdir', 'DAGS_FOLDER/reddit_dag.py', '--cfg-path', '/tmp/tmp9lwmduvk']
[2024-07-12T19:03:19.700+0000] {standard_task_runner.py:85} INFO - Job 2: Subtask reddit_extract
[2024-07-12T19:03:19.722+0000] {task_command.py:416} INFO - Running <TaskInstance: etl_reddit_pipeline.reddit_extract scheduled__2024-07-11T00:00:00+00:00 [running]> on host 812eeef3f95b
[2024-07-12T19:03:19.751+0000] {taskinstance.py:1662} INFO - Exporting env vars: AIRFLOW_CTX_DAG_OWNER='Akram Ibrahim' AIRFLOW_CTX_DAG_ID='etl_reddit_pipeline' AIRFLOW_CTX_TASK_ID='reddit_extract' AIRFLOW_CTX_EXECUTION_DATE='2024-07-11T00:00:00+00:00' AIRFLOW_CTX_TRY_NUMBER='1' AIRFLOW_CTX_DAG_RUN_ID='scheduled__2024-07-11T00:00:00+00:00'
[2024-07-12T19:03:19.832+0000] {logging_mixin.py:151} INFO - Connected to Reddit instance
[2024-07-12T19:03:35.877+0000] {sessions.py:161} WARNING - Retrying due to ReadTimeout(ReadTimeoutError("HTTPSConnectionPool(host='www.reddit.com', port=443): Read timed out. (read timeout=16.0)")) status: GET https://oauth.reddit.com/r/dataengineering/top
[2024-07-12T19:03:36.644+0000] {python.py:194} INFO - Done. Returned value was: /opt/airflow/data/output/reddit_20240712.csv
[2024-07-12T19:03:36.663+0000] {taskinstance.py:1400} INFO - Marking task as SUCCESS. dag_id=etl_reddit_pipeline, task_id=reddit_extract, execution_date=20240711T000000, start_date=20240712T190319, end_date=20240712T190336
[2024-07-12T19:03:36.696+0000] {local_task_job_runner.py:228} INFO - Task exited with return code 0
[2024-07-12T19:03:36.707+0000] {taskinstance.py:2778} INFO - 1 downstream tasks scheduled from follow-on schedule check
[2024-07-12T19:28:31.432+0000] {taskinstance.py:1159} INFO - Dependencies all met for dep_context=non-requeueable deps ti=<TaskInstance: etl_reddit_pipeline.reddit_extract scheduled__2024-07-11T00:00:00+00:00 [queued]>
[2024-07-12T19:28:31.435+0000] {taskinstance.py:1159} INFO - Dependencies all met for dep_context=requeueable deps ti=<TaskInstance: etl_reddit_pipeline.reddit_extract scheduled__2024-07-11T00:00:00+00:00 [queued]>
[2024-07-12T19:28:31.435+0000] {taskinstance.py:1361} INFO - Starting attempt 1 of 1
[2024-07-12T19:28:31.440+0000] {taskinstance.py:1382} INFO - Executing <Task(PythonOperator): reddit_extract> on 2024-07-11 00:00:00+00:00
[2024-07-12T19:28:31.442+0000] {standard_task_runner.py:57} INFO - Started process 51 to run task
[2024-07-12T19:28:31.444+0000] {standard_task_runner.py:84} INFO - Running: ['airflow', 'tasks', 'run', 'etl_reddit_pipeline', 'reddit_extract', 'scheduled__2024-07-11T00:00:00+00:00', '--job-id', '2', '--raw', '--subdir', 'DAGS_FOLDER/reddit_dag.py', '--cfg-path', '/tmp/tmps37qs39o']
[2024-07-12T19:28:31.446+0000] {standard_task_runner.py:85} INFO - Job 2: Subtask reddit_extract
[2024-07-12T19:28:31.466+0000] {task_command.py:416} INFO - Running <TaskInstance: etl_reddit_pipeline.reddit_extract scheduled__2024-07-11T00:00:00+00:00 [running]> on host 4928c5b9e5ae
[2024-07-12T19:28:31.497+0000] {taskinstance.py:1662} INFO - Exporting env vars: AIRFLOW_CTX_DAG_OWNER='Akram Ibrahim' AIRFLOW_CTX_DAG_ID='etl_reddit_pipeline' AIRFLOW_CTX_TASK_ID='reddit_extract' AIRFLOW_CTX_EXECUTION_DATE='2024-07-11T00:00:00+00:00' AIRFLOW_CTX_TRY_NUMBER='1' AIRFLOW_CTX_DAG_RUN_ID='scheduled__2024-07-11T00:00:00+00:00'
[2024-07-12T19:28:31.817+0000] {logging_mixin.py:151} INFO - Connected to Reddit instance
[2024-07-12T19:28:32.865+0000] {python.py:194} INFO - Done. Returned value was: /opt/airflow/data/output/reddit_20240712.csv
[2024-07-12T19:28:32.882+0000] {taskinstance.py:1400} INFO - Marking task as SUCCESS. dag_id=etl_reddit_pipeline, task_id=reddit_extract, execution_date=20240711T000000, start_date=20240712T192831, end_date=20240712T192832
[2024-07-12T19:28:32.894+0000] {local_task_job_runner.py:228} INFO - Task exited with return code 0
[2024-07-12T19:28:32.906+0000] {taskinstance.py:2778} INFO - 1 downstream tasks scheduled from follow-on schedule check
